#
# A fatal error has been detected by the Java Runtime Environment:
#
#  EXCEPTION_ACCESS_VIOLATION (0xc0000005) at pc=0x000000006559e681, pid=5096, tid=7208
#
# JRE version: 7.0_07-b10
# Java VM: Java HotSpot(TM) 64-Bit Server VM (23.3-b01 mixed mode windows-amd64 compressed oops)
# Problematic frame:
# C  [gdx64.dll+0x1e681]
#
# Failed to write core dump. Minidumps are not enabled by default on client versions of Windows
#
# If you would like to submit a bug report, please visit:
#   http://bugreport.sun.com/bugreport/crash.jsp
# The crash happened outside the Java Virtual Machine in native code.
# See problematic frame for where to report the bug.
#

---------------  T H R E A D  ---------------

Current thread (0x000000000e2af800):  JavaThread "LWJGL Application" [_thread_in_native, id=7208, stack(0x0000000010530000,0x0000000010630000)]

siginfo: ExceptionCode=0xc0000005, reading address 0xffffffffffffffff

Registers:
RAX=0x00000000001bee00, RBX=0x00000000006b6fe0, RCX=0x00000000001bfea0, RDX=0x000000001466aa30
RSP=0x000000001062eec0, RBP=0x000000001062ef80, RSI=0x000000001466aa30, RDI=0x000000001062ef80
R8 =0x0000000015c337e0, R9 =0x000000001062ef80, R10=0x0000000002a5237c, R11=0x0000000050452040
R12=0x0000000000000000, R13=0x000000077cc2e980, R14=0x000000001062f100, R15=0x000000000e2af800
RIP=0x000000006559e681, EFLAGS=0x0000000000010206

Top of Stack: (sp=0x000000001062eec0)
0x000000001062eec0:   000000077cbca8d9 000000001062ef08
0x000000001062eed0:   000000077cbcd350 000000077cc54df8
0x000000001062eee0:   0000000015c337e0 0000000015c337e0
0x000000001062eef0:   000000001466aa30 00000000006b6fe0
0x000000001062ef00:   000000001062ef80 000000006559d719
0x000000001062ef10:   0000000002a461f8 00000007d66aac68
0x000000001062ef20:   000000001062ef20 000000077cbca8d9
0x000000001062ef30:   000000001062ef70 000000077cc2e980
0x000000001062ef40:   00000000ef979a03 000000077cc34e40
0x000000001062ef50:   000000001062f088 00000000655a6f91
0x000000001062ef60:   000000001062efc8 0000000002a461f8
0x000000001062ef70:   00000007d66aac68 00000007d66aac68
0x000000001062ef80:   00000000001bfea0 0000000000000000
0x000000001062ef90:   000000003f800000 000100013f800000
0x000000001062efa0:   000000070000ffff fbd1b3fa54c8efe0
0x000000001062efb0:   000000077cc2e5d0 0000000002a523a8 

Instructions: (pc=0x000000006559e681)
0x000000006559e661:   41 24 41 8b 41 1e 89 41 34 41 0f b7 41 22 66 89
0x000000006559e671:   41 38 41 0f b6 41 1c 88 41 3a 49 8b 09 48 8b 01
0x000000006559e681:   ff 50 10 48 8b 10 48 89 c1 48 89 43 18 ff 52 18
0x000000006559e691:   89 c2 89 c5 48 89 f1 c1 e2 05 e8 c0 c8 fe ff 85 


Register to memory mapping:

RAX=0x00000000001bee00 is an unknown value
RBX=0x00000000006b6fe0 is an unknown value
RCX=0x00000000001bfea0 is an unknown value
RDX=0x000000001466aa30 is an unknown value
RSP=0x000000001062eec0 is pointing into the stack for thread: 0x000000000e2af800
RBP=0x000000001062ef80 is pointing into the stack for thread: 0x000000000e2af800
RSI=0x000000001466aa30 is an unknown value
RDI=0x000000001062ef80 is pointing into the stack for thread: 0x000000000e2af800
R8 =0x0000000015c337e0 is an unknown value
R9 =0x000000001062ef80 is pointing into the stack for thread: 0x000000000e2af800
R10=0x0000000002a5237c is an Interpreter codelet
method entry point (kind = native)  [0x0000000002a52100, 0x0000000002a52980]  2176 bytes
R11=0x0000000050452040 is an unknown value
R12=0x0000000000000000 is an unknown value
R13=0x000000077cc2e980 is an oop
{method} 
 - klass: {other class}
R14=0x000000001062f100 is pointing into the stack for thread: 0x000000000e2af800
R15=0x000000000e2af800 is a thread


Stack: [0x0000000010530000,0x0000000010630000],  sp=0x000000001062eec0,  free space=1019k
Native frames: (J=compiled Java code, j=interpreted, Vv=VM code, C=native code)
C  [gdx64.dll+0x1e681]

Java frames: (J=compiled Java code, j=interpreted, Vv=VM code)
j  com.badlogic.gdx.physics.box2d.Body.jniCreateFixture(JJFFFZSSS)J+0
j  com.badlogic.gdx.physics.box2d.Body.createFixture(Lcom/badlogic/gdx/physics/box2d/FixtureDef;)Lcom/badlogic/gdx/physics/box2d/Fixture;+49
j  com.me.ampdom.Alabaster.move(Lcom/me/ampdom/MyInputProcessor;)V+462
j  com.me.ampdom.AmpDom.render()V+49
j  com.badlogic.gdx.backends.lwjgl.LwjglApplication.mainLoop()V+491
j  com.badlogic.gdx.backends.lwjgl.LwjglApplication$1.run()V+27
v  ~StubRoutines::call_stub

---------------  P R O C E S S  ---------------

Java Threads: ( => current thread )
  0x00000000161d9000 JavaThread "LWJGL Timer" daemon [_thread_blocked, id=2864, stack(0x0000000017850000,0x0000000017950000)]
  0x000000000280d800 JavaThread "DestroyJavaVM" [_thread_blocked, id=6240, stack(0x0000000002940000,0x0000000002a40000)]
=>0x000000000e2af800 JavaThread "LWJGL Application" [_thread_in_native, id=7208, stack(0x0000000010530000,0x0000000010630000)]
  0x000000000e174000 JavaThread "Service Thread" daemon [_thread_blocked, id=7256, stack(0x000000000df10000,0x000000000e010000)]
  0x000000000e163800 JavaThread "C2 CompilerThread1" daemon [_thread_blocked, id=4944, stack(0x000000000e540000,0x000000000e640000)]
  0x000000000e158800 JavaThread "C2 CompilerThread0" daemon [_thread_blocked, id=1152, stack(0x000000000e990000,0x000000000ea90000)]
  0x000000000e157800 JavaThread "Attach Listener" daemon [_thread_blocked, id=8152, stack(0x000000000e820000,0x000000000e920000)]
  0x000000000e156800 JavaThread "Signal Dispatcher" daemon [_thread_blocked, id=3712, stack(0x000000000e6f0000,0x000000000e7f0000)]
  0x000000000c077800 JavaThread "Finalizer" daemon [_thread_blocked, id=7888, stack(0x000000000e010000,0x000000000e110000)]
  0x000000000c06f800 JavaThread "Reference Handler" daemon [_thread_blocked, id=3800, stack(0x000000000dce0000,0x000000000dde0000)]

Other Threads:
  0x000000000c066000 VMThread [stack: 0x000000000de10000,0x000000000df10000] [id=7172]
  0x000000000e17f000 WatcherThread [stack: 0x000000000ea90000,0x000000000eb90000] [id=7728]

VM state:not at safepoint (normal execution)

VM Mutex/Monitor currently owned by a thread: None

Heap
 PSYoungGen      total 37760K, used 15217K [0x00000007d5d60000, 0x00000007d8780000, 0x0000000800000000)
  eden space 32384K, 30% used [0x00000007d5d60000,0x00000007d66fd098,0x00000007d7d00000)
  from space 5376K, 99% used [0x00000007d7d00000,0x00000007d823f418,0x00000007d8240000)
  to   space 5376K, 0% used [0x00000007d8240000,0x00000007d8240000,0x00000007d8780000)
 ParOldGen       total 86336K, used 1767K [0x0000000781800000, 0x0000000786c50000, 0x00000007d5d60000)
  object space 86336K, 2% used [0x0000000781800000,0x00000007819b9d18,0x0000000786c50000)
 PSPermGen       total 21248K, used 6754K [0x000000077c600000, 0x000000077dac0000, 0x0000000781800000)
  object space 21248K, 31% used [0x000000077c600000,0x000000077cc98ab0,0x000000077dac0000)

Card table byte_map: [0x0000000005a40000,0x0000000005e60000] byte_map_base: 0x0000000001e5d000

Polling page: 0x0000000000170000

Code Cache  [0x0000000002a40000, 0x0000000002cb0000, 0x0000000005a40000)
 total_blobs=532 nmethods=138 adapters=346 free_code_cache=48334Kb largest_free_block=49468416

Compilation events (10 events):
Event: 3.971 Thread 0x000000000e158800 nmethod 119 0x0000000002b0a190 code [0x0000000002b0a2e0, 0x0000000002b0a558]
Event: 3.971 Thread 0x000000000e158800  121             javazoom.jl.decoder.SynthesisFilter::compute_pcm_samples5 (265 bytes)
Event: 3.973 Thread 0x000000000e163800 nmethod 120 0x0000000002b0e310 code [0x0000000002b0e460, 0x0000000002b0e6d8]
Event: 3.973 Thread 0x000000000e163800  122             javazoom.jl.decoder.SynthesisFilter::compute_pcm_samples6 (265 bytes)
Event: 3.977 Thread 0x000000000e158800 nmethod 121 0x0000000002b0e7d0 code [0x0000000002b0e920, 0x0000000002b0eb98]
Event: 3.977 Thread 0x000000000e158800  123             javazoom.jl.decoder.SynthesisFilter::compute_pcm_samples7 (265 bytes)
Event: 3.978 Thread 0x000000000e163800 nmethod 122 0x0000000002b0ec90 code [0x0000000002b0ede0, 0x0000000002b0f058]
Event: 3.978 Thread 0x000000000e163800  124             javazoom.jl.decoder.SynthesisFilter::compute_pcm_samples8 (265 bytes)
Event: 3.983 Thread 0x000000000e158800 nmethod 123 0x0000000002b0f150 code [0x0000000002b0f2a0, 0x0000000002b0f518]
Event: 3.983 Thread 0x000000000e158800  125             javazoom.jl.decoder.SynthesisFilter::compute_pcm_samples9 (265 bytes)

GC Heap History (2 events):
Event: 3.124 GC heap before
{Heap before GC invocations=1 (full 0):
 PSYoungGen      total 37760K, used 32384K [0x00000007d5d60000, 0x00000007d8780000, 0x0000000800000000)
  eden space 32384K, 100% used [0x00000007d5d60000,0x00000007d7d00000,0x00000007d7d00000)
  from space 5376K, 0% used [0x00000007d8240000,0x00000007d8240000,0x00000007d8780000)
  to   space 5376K, 0% used [0x00000007d7d00000,0x00000007d7d00000,0x00000007d8240000)
 ParOldGen       total 86336K, used 0K [0x0000000781800000, 0x0000000786c50000, 0x00000007d5d60000)
  object space 86336K, 0% used [0x0000000781800000,0x0000000781800000,0x0000000786c50000)
 PSPermGen       total 21248K, used 6483K [0x000000077c600000, 0x000000077dac0000, 0x0000000781800000)
  object space 21248K, 30% used [0x000000077c600000,0x000000077cc54d60,0x000000077dac0000)
Event: 3.131 GC heap after
Heap after GC invocations=1 (full 0):
 PSYoungGen      total 37760K, used 5373K [0x00000007d5d60000, 0x00000007d8780000, 0x0000000800000000)
  eden space 32384K, 0% used [0x00000007d5d60000,0x00000007d5d60000,0x00000007d7d00000)
  from space 5376K, 99% used [0x00000007d7d00000,0x00000007d823f418,0x00000007d8240000)
  to   space 5376K, 0% used [0x00000007d8240000,0x00000007d8240000,0x00000007d8780000)
 ParOldGen       total 86336K, used 1767K [0x0000000781800000, 0x0000000786c50000, 0x00000007d5d60000)
  object space 86336K, 2% used [0x0000000781800000,0x00000007819b9d18,0x0000000786c50000)
 PSPermGen       total 21248K, used 6483K [0x000000077c600000, 0x000000077dac0000, 0x0000000781800000)
  object space 21248K, 30% used [0x000000077c600000,0x000000077cc54d60,0x000000077dac0000)
}

Deoptimization events (0 events):
No events

Internal exceptions (10 events):
Event: 3.365 Thread 0x000000000e2af800 Threw 0x00000007d662e740 at C:\jdk7u1_64p\jdk7u7\hotspot\src\share\vm\prims\jvm.cpp:1166
Event: 3.376 Thread 0x000000000e2af800 Threw 0x00000007d663e140 at C:\jdk7u1_64p\jdk7u7\hotspot\src\share\vm\prims\jvm.cpp:1166
Event: 3.377 Thread 0x000000000e2af800 Threw 0x00000007d66430a0 at C:\jdk7u1_64p\jdk7u7\hotspot\src\share\vm\prims\jvm.cpp:1166
Event: 3.378 Thread 0x000000000e2af800 Threw 0x00000007d6647718 at C:\jdk7u1_64p\jdk7u7\hotspot\src\share\vm\prims\jvm.cpp:1166
Event: 3.379 Thread 0x000000000e2af800 Threw 0x00000007d664c098 at C:\jdk7u1_64p\jdk7u7\hotspot\src\share\vm\prims\jvm.cpp:1166
Event: 3.412 Thread 0x000000000e2af800 Threw 0x00000007d6653e08 at C:\jdk7u1_64p\jdk7u7\hotspot\src\share\vm\prims\jvm.cpp:1166
Event: 3.413 Thread 0x000000000e2af800 Threw 0x00000007d6658580 at C:\jdk7u1_64p\jdk7u7\hotspot\src\share\vm\prims\jvm.cpp:1166
Event: 3.415 Thread 0x000000000e2af800 Threw 0x00000007d665cac8 at C:\jdk7u1_64p\jdk7u7\hotspot\src\share\vm\prims\jvm.cpp:1166
Event: 3.886 Thread 0x000000000e2af800 Threw 0x00000007d66900e0 at C:\jdk7u1_64p\jdk7u7\hotspot\src\share\vm\prims\jvm.cpp:1166
Event: 3.888 Thread 0x000000000e2af800 Threw 0x00000007d669aab8 at C:\jdk7u1_64p\jdk7u7\hotspot\src\share\vm\prims\jvm.cpp:1166

Events (10 events):
Event: 3.413 loading class 0x000000001650c930 done
Event: 3.415 loading class 0x0000000013841ec0
Event: 3.415 loading class 0x0000000013841ec0 done
Event: 3.416 Thread 0x00000000161d9000 Thread added: 0x00000000161d9000
Event: 3.886 loading class 0x000000000e40b3e0
Event: 3.886 loading class 0x000000000e40b3e0 done
Event: 3.888 loading class 0x000000000e2f1c50
Event: 3.888 loading class 0x000000000e2f1c50 done
Event: 3.984 loading class 0x00000000028ca6d0
Event: 3.984 loading class 0x00000000028ca6d0 done


Dynamic libraries:
0x000000013f960000 - 0x000000013f994000 	C:\Program Files\Java\jre7\bin\javaw.exe
0x0000000076fa0000 - 0x0000000077149000 	C:\Windows\SYSTEM32\ntdll.dll
0x0000000076e80000 - 0x0000000076f9f000 	C:\Windows\system32\kernel32.dll
0x000007fefd660000 - 0x000007fefd6cb000 	C:\Windows\system32\KERNELBASE.dll
0x000000006f510000 - 0x000000006f55a000 	C:\Program Files\AVAST Software\Avast\snxhk64.dll
0x000007fefeb20000 - 0x000007fefebfb000 	C:\Windows\system32\ADVAPI32.dll
0x000007fefee40000 - 0x000007fefeedf000 	C:\Windows\system32\msvcrt.dll
0x000007feff1e0000 - 0x000007feff1ff000 	C:\Windows\SYSTEM32\sechost.dll
0x000007fefec00000 - 0x000007fefed2d000 	C:\Windows\system32\RPCRT4.dll
0x0000000076d80000 - 0x0000000076e7a000 	C:\Windows\system32\USER32.dll
0x000007fefd8b0000 - 0x000007fefd917000 	C:\Windows\system32\GDI32.dll
0x000007fefd7d0000 - 0x000007fefd7de000 	C:\Windows\system32\LPK.dll
0x000007feff060000 - 0x000007feff129000 	C:\Windows\system32\USP10.dll
0x000007fefbce0000 - 0x000007fefbed4000 	C:\Windows\WinSxS\amd64_microsoft.windows.common-controls_6595b64144ccf1df_6.0.7601.17514_none_fa396087175ac9ac\COMCTL32.dll
0x000007fefdb30000 - 0x000007fefdba1000 	C:\Windows\system32\SHLWAPI.dll
0x000007fefd880000 - 0x000007fefd8ae000 	C:\Windows\system32\IMM32.DLL
0x000007fefed30000 - 0x000007fefee39000 	C:\Windows\system32\MSCTF.dll
0x000007fefd3c0000 - 0x000007fefd400000 	C:\Windows\system32\nvinitx.dll
0x000000000f000000 - 0x000000000f006000 	C:\Program Files\NVIDIA Corporation\CoProcManager\_etoured.dll
0x000007fefa270000 - 0x000007fefa2c6000 	C:\Program Files\NVIDIA Corporation\CoProcManager\nvd3d9wrapx.dll
0x000007fefe940000 - 0x000007fefeb17000 	C:\Windows\system32\SETUPAPI.dll
0x000007fefd6f0000 - 0x000007fefd726000 	C:\Windows\system32\CFGMGR32.dll
0x000007fefef00000 - 0x000007fefefd7000 	C:\Windows\system32\OLEAUT32.dll
0x000007fefd920000 - 0x000007fefdb23000 	C:\Windows\system32\ole32.dll
0x000007fefd6d0000 - 0x000007fefd6ea000 	C:\Windows\system32\DEVOBJ.dll
0x000007fefa230000 - 0x000007fefa26d000 	C:\Program Files\NVIDIA Corporation\CoProcManager\nvdxgiwrapx.dll
0x0000000071870000 - 0x0000000071941000 	C:\Program Files\Java\jre7\bin\msvcr100.dll
0x0000000050290000 - 0x00000000509af000 	C:\Program Files\Java\jre7\bin\server\jvm.dll
0x000007fef7490000 - 0x000007fef7499000 	C:\Windows\system32\WSOCK32.dll
0x000007feff130000 - 0x000007feff17d000 	C:\Windows\system32\WS2_32.dll
0x000007feff200000 - 0x000007feff208000 	C:\Windows\system32\NSI.dll
0x000007fefbab0000 - 0x000007fefbaeb000 	C:\Windows\system32\WINMM.dll
0x0000000077160000 - 0x0000000077167000 	C:\Windows\system32\PSAPI.DLL
0x0000000072290000 - 0x000000007229f000 	C:\Program Files\Java\jre7\bin\verify.dll
0x0000000071a00000 - 0x0000000071a28000 	C:\Program Files\Java\jre7\bin\java.dll
0x0000000072270000 - 0x0000000072285000 	C:\Program Files\Java\jre7\bin\zip.dll
0x0000000065580000 - 0x000000006560d000 	C:\Users\Robin\AppData\Local\Temp\libgdxRobin\123946040\gdx64.dll
0x0000000180000000 - 0x0000000180050000 	C:\Users\Robin\AppData\Local\Temp\libgdxRobin\27538956\lwjgl64.dll
0x000007feea750000 - 0x000007feea86d000 	C:\Windows\system32\OPENGL32.dll
0x000007fef6d60000 - 0x000007fef6d8d000 	C:\Windows\system32\GLU32.dll
0x000007fef2070000 - 0x000007fef2161000 	C:\Windows\system32\DDRAW.dll
0x000007fefafe0000 - 0x000007fefafe8000 	C:\Windows\system32\DCIMAN32.dll
0x000007fefb550000 - 0x000007fefb568000 	C:\Windows\system32\dwmapi.dll
0x000007fefc4b0000 - 0x000007fefc4bc000 	C:\Windows\system32\VERSION.dll
0x0000000000430000 - 0x0000000000492000 	C:\Users\Robin\AppData\Local\Temp\libgdxRobin\27538956\OpenAL64.dll
0x000007fefdbb0000 - 0x000007fefe938000 	C:\Windows\system32\SHELL32.dll
0x000007fefd2f0000 - 0x000007fefd2ff000 	C:\Windows\system32\CRYPTBASE.dll
0x000007fefba50000 - 0x000007fefbaa6000 	C:\Windows\system32\uxtheme.dll
0x000000000ec90000 - 0x000000000ed58000 	c:\program files (x86)\premieropinion\pmls64.dll
0x000007feface0000 - 0x000007fefad34000 	C:\Windows\system32\OLEACC.dll
0x0000000076c20000 - 0x0000000076d7b000 	C:\Windows\system32\WININET.dll
0x0000000077170000 - 0x0000000077173000 	C:\Windows\system32\Normaliz.dll
0x00000000768c0000 - 0x0000000076ad0000 	C:\Windows\system32\iertutil.dll
0x0000000076ad0000 - 0x0000000076c1d000 	C:\Windows\system32\urlmon.dll
0x000007fefbee0000 - 0x000007fefbf0d000 	C:\Windows\system32\ntmarta.dll
0x000007feff180000 - 0x000007feff1d2000 	C:\Windows\system32\WLDAP32.dll
0x000007fefca20000 - 0x000007fefca78000 	C:\Windows\system32\Schannel.dll
0x000007fefd260000 - 0x000007fefd285000 	C:\Windows\system32\SspiCli.dll
0x000000000fbb0000 - 0x000000000fd1a000 	C:\Windows\system32\CRYPT32.dll
0x000007fefd4a0000 - 0x000007fefd4af000 	C:\Windows\system32\MSASN1.dll
0x000007feff210000 - 0x000007feff2a9000 	C:\Windows\system32\CLBCatQ.DLL
0x000007fefbb60000 - 0x000007fefbc8c000 	C:\Windows\System32\PROPSYS.dll
0x000007fefd4b0000 - 0x000007fefd4e9000 	C:\Windows\system32\WINTRUST.dll
0x000007fefb980000 - 0x000007fefba08000 	C:\Windows\system32\dsound.dll
0x000007fefc050000 - 0x000007fefc07c000 	C:\Windows\system32\POWRPROF.dll
0x000007fefbc90000 - 0x000007fefbcdb000 	C:\Windows\System32\MMDevApi.dll
0x000007fefb710000 - 0x000007fefb75f000 	C:\Windows\system32\AUDIOSES.DLL
0x0000000068670000 - 0x000000006a035000 	C:\Windows\system32\nvoglv64.DLL
0x000007fefa5c0000 - 0x000007fefa65c000 	C:\Windows\system32\mscms.dll
0x000007fefc6b0000 - 0x000007fefc6ce000 	C:\Windows\system32\USERENV.dll
0x000007fefd400000 - 0x000007fefd40f000 	C:\Windows\system32\profapi.dll
0x000007feed7e0000 - 0x000007feed822000 	C:\Windows\system32\icm32.dll
0x000007fef5510000 - 0x000007fef5d3a000 	C:\Windows\system32\igd10umd64.dll
0x000007feef460000 - 0x000007feef585000 	C:\Windows\system32\dbghelp.dll

VM Arguments:
jvm_args: -Dfile.encoding=Cp1252 
java_command: com.me.ampdom.Main
Launcher Type: SUN_STANDARD

Environment Variables:
CLASSPATH=.;C:\Program Files (x86)\Java\jre7\lib\ext\QTJava.zip
PATH=C:\Program Files (x86)\NVIDIA Corporation\PhysX\Common;C:\Program Files (x86)\HP SimplePass\x64;C:\Program Files (x86)\HP SimplePass\;C:\Program Files (x86)\Intel\iCLS Client\;C:\Program Files\Intel\iCLS Client\;C:\Program Files (x86)\ActiveState Komodo Edit 7\;C:\Program Files\Common Files\Microsoft Shared\Windows Live;C:\Program Files (x86)\Common Files\Microsoft Shared\Windows Live;C:\Windows\system32;C:\Windows;C:\Windows\System32\Wbem;C:\Windows\System32\WindowsPowerShell\v1.0\;C:\Program Files (x86)\Intel\OpenCL SDK\2.0\bin\x86;C:\Program Files (x86)\Intel\OpenCL SDK\2.0\bin\x64;C:\Program Files (x86)\Common Files\Roxio Shared\DLLShared\;C:\Program Files (x86)\Common Files\Roxio Shared\DLLShared\;C:\Program Files (x86)\Common Files\Roxio Shared\12.0\DLLShared\;C:\Program Files (x86)\Intel\OpenCL SDK\2.0\bin\x86;C:\Program Files (x86)\Intel\OpenCL SDK\2.0\bin\x64;C:\Program Files\Intel\Intel(R) Management Engine Components\DAL;C:\Program Files\Intel\Intel(R) Management Engine Components\IPT;C:\Program Files (x86)\Intel\Intel(R) Management Engine Components\DAL;C:\Program Files (x86)\Intel\Intel(R) Management Engine Components\IPT;C:\Program Files (x86)\QuickTime\QTSystem\;C:\Program Files (x86)\NVIDIA Corporation\Cg\bin;C:\Program Files (x86)\NVIDIA Corporation\Cg\bin.x64;C:\Program Files\TortoiseSVN\bin;C:\Program Files (x86)\Windows Live\Shared;C:\Program Files\Java\jdk1.7.0_07\bin;C:\Program Files (x86)\clisp-2.49;C:\Program Files\Mercurial;C:\Users\Robin\Desktop\apache-ant-1.9.0\bin
USERNAME=Robin
OS=Windows_NT
PROCESSOR_IDENTIFIER=Intel64 Family 6 Model 58 Stepping 9, GenuineIntel



---------------  S Y S T E M  ---------------

OS: Windows 7 , 64 bit Build 7601 Service Pack 1

CPU:total 8 (4 cores per cpu, 2 threads per core) family 6 model 58 stepping 9, cmov, cx8, fxsr, mmx, sse, sse2, sse3, ssse3, sse4.1, sse4.2, popcnt, avx, ht, tsc, tscinvbit, tscinv

Memory: 4k page, physical 8285500k(4385092k free), swap 16569144k(12033128k free)

vm_info: Java HotSpot(TM) 64-Bit Server VM (23.3-b01) for windows-amd64 JRE (1.7.0_07-b10), built on Aug 28 2012 18:28:27 by "java_re" with unknown MS VC++:1600

time: Tue Apr 09 12:04:36 2013
elapsed time: 4 seconds

