#
# A fatal error has been detected by the Java Runtime Environment:
#
#  EXCEPTION_ACCESS_VIOLATION (0xc0000005) at pc=0x00000000655a82e4, pid=3816, tid=2276
#
# JRE version: 7.0_07-b11
# Java VM: Java HotSpot(TM) 64-Bit Server VM (23.3-b01 mixed mode windows-amd64 compressed oops)
# Problematic frame:
# C  [gdx64.dll+0x282e4]  Java_com_badlogic_gdx_physics_box2d_Fixture_jniGetType+0x4
#
# Failed to write core dump. Minidumps are not enabled by default on client versions of Windows
#
# If you would like to submit a bug report, please visit:
#   http://bugreport.sun.com/bugreport/crash.jsp
# The crash happened outside the Java Virtual Machine in native code.
# See problematic frame for where to report the bug.
#

---------------  T H R E A D  ---------------

Current thread (0x000000000ac36800):  JavaThread "LWJGL Application" [_thread_in_native, id=2276, stack(0x000000000b970000,0x000000000ba70000)]

siginfo: ExceptionCode=0xc0000005, reading address 0xffffffffffffffff

Registers:
RAX=0xfeffffff43410000, RBX=0x00000000be7a2ba8, RCX=0x000000000ac369d8, RDX=0x000000000ba6eee0
RSP=0x000000000ba6eeb8, RBP=0x000000000ba6ef20, RSI=0x00000000c36fd240, RDI=0x00000000c36cc4d0
R8 =0x000000000f1d3dc0, R9 =0x00000000c371c6b8, R10=0x000000000308a7db, R11=0x000000000308a4b0
R12=0x0000000000000000, R13=0x000000000ba6ef58, R14=0x00000000be8732b8, R15=0x000000000ac36800
RIP=0x00000000655a82e4, EFLAGS=0x0000000000010246

Top of Stack: (sp=0x000000000ba6eeb8)
0x000000000ba6eeb8:   000000000308a855 000000000ba6ef20
0x000000000ba6eec8:   00000000030061f8 00000000030061f8
0x000000000ba6eed8:   00000000c371c828 00000000c371c618
0x000000000ba6eee8:   0000000069993063 000000000ba6ef30
0x000000000ba6eef8:   00000000be86e390 0000000000000000
0x000000000ba6ef08:   00000000be86daa0 000000000ac36800
0x000000000ba6ef18:   0000000000000000 000000000ba6efa0
0x000000000ba6ef28:   000000000308a4c8 000000000ba6efb0
0x000000000ba6ef38:   00000000655a705f 000000000ba6efa0
0x000000000ba6ef48:   00000000030063d3 00000000030063d3
0x000000000ba6ef58:   00000000c371c618 000000000ba6ef60
0x000000000ba6ef68:   00000000be8543b9 000000000ba6efe0
0x000000000ba6ef78:   00000000be855fe8 00000000be8732b8
0x000000000ba6ef88:   00000000be854598 000000000ba6ef58
0x000000000ba6ef98:   000000000ba6eff0 00000000c36cc008
0x000000000ba6efa8:   00000000030aaaec 0000000000000000 

Instructions: (pc=0x00000000655a82e4)
0x00000000655a82c4:   41 89 40 04 48 8b 03 4c 8b 90 f8 06 00 00 48 83
0x00000000655a82d4:   c4 20 5b 5e 5f 49 ff e2 90 90 90 90 49 8b 40 18
0x00000000655a82e4:   8b 50 08 b8 ff ff ff ff 83 fa 03 77 0a 48 8d 05
0x00000000655a82f4:   a8 34 03 00 8b 04 90 f3 c3 0f 1f 00 49 8b 40 18 


Register to memory mapping:

RAX=0xfeffffff43410000 is an unknown value
RBX=0x00000000be7a2ba8 is an oop
{method} 
 - klass: {other class}
RCX=0x000000000ac369d8 is an unknown value
RDX=0x000000000ba6eee0 is pointing into the stack for thread: 0x000000000ac36800
RSP=0x000000000ba6eeb8 is pointing into the stack for thread: 0x000000000ac36800
RBP=0x000000000ba6ef20 is pointing into the stack for thread: 0x000000000ac36800
RSI=0x00000000c36fd240 is an oop
[F 
 - klass: {type array float}
 - length: 16
RDI=0x00000000c36cc4d0 is an oop
com.badlogic.gdx.graphics.Color 
 - klass: 'com/badlogic/gdx/graphics/Color'
R8 =0x000000000f1d3dc0 is an unknown value
R9 =0x00000000c371c6b8 is an oop
com.badlogic.gdx.physics.box2d.Transform 
 - klass: 'com/badlogic/gdx/physics/box2d/Transform'
R10=0x000000000308a610 [CodeBlob (0x000000000308a610)]
Framesize: 14
R11=0x000000000308a350 [CodeBlob (0x000000000308a350)]
Framesize: 4
R12=0x0000000000000000 is an unknown value
R13=0x000000000ba6ef58 is pointing into the stack for thread: 0x000000000ac36800
R14=0x00000000be8732b8 is an oop
{method data} 
 - klass: {other class}
R15=0x000000000ac36800 is a thread


Stack: [0x000000000b970000,0x000000000ba70000],  sp=0x000000000ba6eeb8,  free space=1019k
Native frames: (J=compiled Java code, j=interpreted, Vv=VM code, C=native code)
C  [gdx64.dll+0x282e4]  Java_com_badlogic_gdx_physics_box2d_Fixture_jniGetType+0x4
J  com.badlogic.gdx.physics.box2d.Fixture.getType()Lcom/badlogic/gdx/physics/box2d/Shape$Type;

Java frames: (J=compiled Java code, j=interpreted, Vv=VM code)
J  com.badlogic.gdx.physics.box2d.Fixture.jniGetType(J)I
J  com.badlogic.gdx.physics.box2d.Fixture.getType()Lcom/badlogic/gdx/physics/box2d/Shape$Type;
j  com.badlogic.gdx.physics.box2d.Box2DDebugRenderer.drawShape(Lcom/badlogic/gdx/physics/box2d/Fixture;Lcom/badlogic/gdx/physics/box2d/Transform;Lcom/badlogic/gdx/graphics/Color;)V+1
J  com.badlogic.gdx.physics.box2d.Box2DDebugRenderer.renderBody(Lcom/badlogic/gdx/physics/box2d/Body;)V
J  com.badlogic.gdx.physics.box2d.Box2DDebugRenderer.renderBodies(Lcom/badlogic/gdx/physics/box2d/World;)V
J  com.me.ampdom.AmpDom.render()V
j  com.badlogic.gdx.backends.lwjgl.LwjglApplication.mainLoop()V+491
j  com.badlogic.gdx.backends.lwjgl.LwjglApplication$1.run()V+27
v  ~StubRoutines::call_stub

---------------  P R O C E S S  ---------------

Java Threads: ( => current thread )
  0x000000000aed8800 JavaThread "LWJGL Timer" daemon [_thread_blocked, id=980, stack(0x000000000eea0000,0x000000000efa0000)]
  0x0000000002ffd800 JavaThread "DestroyJavaVM" [_thread_blocked, id=4816, stack(0x0000000002cc0000,0x0000000002dc0000)]
=>0x000000000ac36800 JavaThread "LWJGL Application" [_thread_in_native, id=2276, stack(0x000000000b970000,0x000000000ba70000)]
  0x00000000091e2000 JavaThread "Service Thread" daemon [_thread_blocked, id=5312, stack(0x000000000a980000,0x000000000aa80000)]
  0x00000000091da800 JavaThread "C2 CompilerThread1" daemon [_thread_blocked, id=4284, stack(0x000000000a880000,0x000000000a980000)]
  0x00000000091cf000 JavaThread "C2 CompilerThread0" daemon [_thread_blocked, id=5896, stack(0x000000000a780000,0x000000000a880000)]
  0x00000000091ce000 JavaThread "Attach Listener" daemon [_thread_blocked, id=4552, stack(0x000000000a680000,0x000000000a780000)]
  0x00000000091c2800 JavaThread "Signal Dispatcher" daemon [_thread_blocked, id=6116, stack(0x000000000a580000,0x000000000a680000)]
  0x0000000009165800 JavaThread "Finalizer" daemon [_thread_blocked, id=3608, stack(0x000000000a480000,0x000000000a580000)]
  0x000000000915d000 JavaThread "Reference Handler" daemon [_thread_blocked, id=4792, stack(0x000000000a380000,0x000000000a480000)]

Other Threads:
  0x0000000009153800 VMThread [stack: 0x000000000a280000,0x000000000a380000] [id=5072]
  0x00000000091fb000 WatcherThread [stack: 0x000000000aa80000,0x000000000ab80000] [id=308]

VM state:not at safepoint (normal execution)

VM Mutex/Monitor currently owned by a thread: None

Heap
 PSYoungGen      total 10112K, used 2430K [0x00000000ebc00000, 0x00000000ec9a0000, 0x0000000100000000)
  eden space 9856K, 22% used [0x00000000ebc00000,0x00000000ebe242a0,0x00000000ec5a0000)
  from space 256K, 93% used [0x00000000ec5d0000,0x00000000ec60b890,0x00000000ec610000)
  to   space 2048K, 0% used [0x00000000ec7a0000,0x00000000ec7a0000,0x00000000ec9a0000)
 ParOldGen       total 41472K, used 5168K [0x00000000c3400000, 0x00000000c5c80000, 0x00000000ebc00000)
  object space 41472K, 12% used [0x00000000c3400000,0x00000000c390c310,0x00000000c5c80000)
 PSPermGen       total 21248K, used 6724K [0x00000000be200000, 0x00000000bf6c0000, 0x00000000c3400000)
  object space 21248K, 31% used [0x00000000be200000,0x00000000be8911e8,0x00000000bf6c0000)

Card table byte_map: [0x0000000006000000,0x0000000006210000] byte_map_base: 0x0000000005a0f000

Polling page: 0x0000000002ad0000

Code Cache  [0x0000000003000000, 0x0000000003270000, 0x0000000006000000)
 total_blobs=653 nmethods=268 adapters=337 free_code_cache=48065Kb largest_free_block=49184576

Compilation events (10 events):
Event: 24.775 Thread 0x00000000091da800  257             java.lang.StrictMath::floor (12 bytes)
Event: 24.776 Thread 0x00000000091da800 nmethod 257 0x00000000030fbed0 code [0x00000000030fc040, 0x00000000030fc118]
Event: 25.025 Thread 0x00000000091cf000  258             com.badlogic.gdx.backends.lwjgl.LwjglGraphics::getHeight (19 bytes)
Event: 25.027 Thread 0x00000000091cf000 nmethod 258 0x00000000030fb910 code [0x00000000030fba60, 0x00000000030fbd58]
Event: 25.309 Thread 0x00000000091da800  259             java.nio.HeapByteBuffer::compact (52 bytes)
Event: 25.310 Thread 0x00000000091da800 nmethod 259 0x00000000030fb0d0 code [0x00000000030fb220, 0x00000000030fb398]
Event: 25.659 Thread 0x00000000091cf000  260             com.badlogic.gdx.backends.lwjgl.LwjglGraphics::getWidth (19 bytes)
Event: 25.661 Thread 0x00000000091cf000 nmethod 260 0x00000000030f8150 code [0x00000000030f82a0, 0x00000000030f8598]
Event: 25.891 Thread 0x00000000091da800  261             com.me.ampdom.Menu::display (497 bytes)
Event: 25.959 Thread 0x00000000091da800 nmethod 261 0x00000000031139d0 code [0x0000000003113f00, 0x00000000031167e0]

GC Heap History (10 events):
Event: 24.992 GC heap before
{Heap before GC invocations=23 (full 0):
 PSYoungGen      total 13248K, used 10997K [0x00000000ebc00000, 0x00000000ecbf0000, 0x0000000100000000)
  eden space 10816K, 99% used [0x00000000ebc00000,0x00000000ec689e00,0x00000000ec690000)
  from space 2432K, 8% used [0x00000000ec990000,0x00000000ec9c3890,0x00000000ecbf0000)
  to   space 2752K, 0% used [0x00000000ec690000,0x00000000ec690000,0x00000000ec940000)
 ParOldGen       total 41472K, used 4840K [0x00000000c3400000, 0x00000000c5c80000, 0x00000000ebc00000)
  object space 41472K, 11% used [0x00000000c3400000,0x00000000c38ba310,0x00000000c5c80000)
 PSPermGen       total 21248K, used 6716K [0x00000000be200000, 0x00000000bf6c0000, 0x00000000c3400000)
  object space 21248K, 31% used [0x00000000be200000,0x00000000be88f258,0x00000000bf6c0000)
Event: 24.992 GC heap after
Heap after GC invocations=23 (full 0):
 PSYoungGen      total 10880K, used 238K [0x00000000ebc00000, 0x00000000ecb80000, 0x0000000100000000)
  eden space 10624K, 0% used [0x00000000ebc00000,0x00000000ebc00000,0x00000000ec660000)
  from space 256K, 93% used [0x00000000ec690000,0x00000000ec6cb890,0x00000000ec6d0000)
  to   space 2624K, 0% used [0x00000000ec8f0000,0x00000000ec8f0000,0x00000000ecb80000)
 ParOldGen       total 41472K, used 4904K [0x00000000c3400000, 0x00000000c5c80000, 0x00000000ebc00000)
  object space 41472K, 11% used [0x00000000c3400000,0x00000000c38ca310,0x00000000c5c80000)
 PSPermGen       total 21248K, used 6716K [0x00000000be200000, 0x00000000bf6c0000, 0x00000000c3400000)
  object space 21248K, 31% used [0x00000000be200000,0x00000000be88f258,0x00000000bf6c0000)
}
Event: 25.259 GC heap before
{Heap before GC invocations=24 (full 0):
 PSYoungGen      total 10880K, used 10833K [0x00000000ebc00000, 0x00000000ecb80000, 0x0000000100000000)
  eden space 10624K, 99% used [0x00000000ebc00000,0x00000000ec658d10,0x00000000ec660000)
  from space 256K, 93% used [0x00000000ec690000,0x00000000ec6cb890,0x00000000ec6d0000)
  to   space 2624K, 0% used [0x00000000ec8f0000,0x00000000ec8f0000,0x00000000ecb80000)
 ParOldGen       total 41472K, used 4904K [0x00000000c3400000, 0x00000000c5c80000, 0x00000000ebc00000)
  object space 41472K, 11% used [0x00000000c3400000,0x00000000c38ca310,0x00000000c5c80000)
 PSPermGen       total 21248K, used 6716K [0x00000000be200000, 0x00000000bf6c0000, 0x00000000c3400000)
  object space 21248K, 31% used [0x00000000be200000,0x00000000be88f258,0x00000000bf6c0000)
Event: 25.260 GC heap after
Heap after GC invocations=24 (full 0):
 PSYoungGen      total 12608K, used 206K [0x00000000ebc00000, 0x00000000ecb10000, 0x0000000100000000)
  eden space 10432K, 0% used [0x00000000ebc00000,0x00000000ebc00000,0x00000000ec630000)
  from space 2176K, 9% used [0x00000000ec8f0000,0x00000000ec923890,0x00000000ecb10000)
  to   space 2496K, 0% used [0x00000000ec630000,0x00000000ec630000,0x00000000ec8a0000)
 ParOldGen       total 41472K, used 4976K [0x00000000c3400000, 0x00000000c5c80000, 0x00000000ebc00000)
  object space 41472K, 12% used [0x00000000c3400000,0x00000000c38dc310,0x00000000c5c80000)
 PSPermGen       total 21248K, used 6716K [0x00000000be200000, 0x00000000bf6c0000, 0x00000000c3400000)
  object space 21248K, 31% used [0x00000000be200000,0x00000000be88f258,0x00000000bf6c0000)
}
Event: 25.542 GC heap before
{Heap before GC invocations=25 (full 0):
 PSYoungGen      total 12608K, used 10619K [0x00000000ebc00000, 0x00000000ecb10000, 0x0000000100000000)
  eden space 10432K, 99% used [0x00000000ebc00000,0x00000000ec62b558,0x00000000ec630000)
  from space 2176K, 9% used [0x00000000ec8f0000,0x00000000ec923890,0x00000000ecb10000)
  to   space 2496K, 0% used [0x00000000ec630000,0x00000000ec630000,0x00000000ec8a0000)
 ParOldGen       total 41472K, used 4976K [0x00000000c3400000, 0x00000000c5c80000, 0x00000000ebc00000)
  object space 41472K, 12% used [0x00000000c3400000,0x00000000c38dc310,0x00000000c5c80000)
 PSPermGen       total 21248K, used 6716K [0x00000000be200000, 0x00000000bf6c0000, 0x00000000c3400000)
  object space 21248K, 31% used [0x00000000be200000,0x00000000be88f258,0x00000000bf6c0000)
Event: 25.543 GC heap after
Heap after GC invocations=25 (full 0):
 PSYoungGen      total 10496K, used 238K [0x00000000ebc00000, 0x00000000eca80000, 0x0000000100000000)
  eden space 10240K, 0% used [0x00000000ebc00000,0x00000000ebc00000,0x00000000ec600000)
  from space 256K, 93% used [0x00000000ec630000,0x00000000ec66b890,0x00000000ec670000)
  to   space 2304K, 0% used [0x00000000ec840000,0x00000000ec840000,0x00000000eca80000)
 ParOldGen       total 41472K, used 5040K [0x00000000c3400000, 0x00000000c5c80000, 0x00000000ebc00000)
  object space 41472K, 12% used [0x00000000c3400000,0x00000000c38ec310,0x00000000c5c80000)
 PSPermGen       total 21248K, used 6716K [0x00000000be200000, 0x00000000bf6c0000, 0x00000000c3400000)
  object space 21248K, 31% used [0x00000000be200000,0x00000000be88f258,0x00000000bf6c0000)
}
Event: 25.808 GC heap before
{Heap before GC invocations=26 (full 0):
 PSYoungGen      total 10496K, used 10471K [0x00000000ebc00000, 0x00000000eca80000, 0x0000000100000000)
  eden space 10240K, 99% used [0x00000000ebc00000,0x00000000ec5fe720,0x00000000ec600000)
  from space 256K, 93% used [0x00000000ec630000,0x00000000ec66b890,0x00000000ec670000)
  to   space 2304K, 0% used [0x00000000ec840000,0x00000000ec840000,0x00000000eca80000)
 ParOldGen       total 41472K, used 5040K [0x00000000c3400000, 0x00000000c5c80000, 0x00000000ebc00000)
  object space 41472K, 12% used [0x00000000c3400000,0x00000000c38ec310,0x00000000c5c80000)
 PSPermGen       total 21248K, used 6723K [0x00000000be200000, 0x00000000bf6c0000, 0x00000000c3400000)
  object space 21248K, 31% used [0x00000000be200000,0x00000000be890ee0,0x00000000bf6c0000)
Event: 25.809 GC heap after
Heap after GC invocations=26 (full 0):
 PSYoungGen      total 11904K, used 206K [0x00000000ebc00000, 0x00000000eca10000, 0x0000000100000000)
  eden space 10048K, 0% used [0x00000000ebc00000,0x00000000ebc00000,0x00000000ec5d0000)
  from space 1856K, 11% used [0x00000000ec840000,0x00000000ec873890,0x00000000eca10000)
  to   space 2176K, 0% used [0x00000000ec5d0000,0x00000000ec5d0000,0x00000000ec7f0000)
 ParOldGen       total 41472K, used 5112K [0x00000000c3400000, 0x00000000c5c80000, 0x00000000ebc00000)
  object space 41472K, 12% used [0x00000000c3400000,0x00000000c38fe310,0x00000000c5c80000)
 PSPermGen       total 21248K, used 6723K [0x00000000be200000, 0x00000000bf6c0000, 0x00000000c3400000)
  object space 21248K, 31% used [0x00000000be200000,0x00000000be890ee0,0x00000000bf6c0000)
}
Event: 26.059 GC heap before
{Heap before GC invocations=27 (full 0):
 PSYoungGen      total 11904K, used 10254K [0x00000000ebc00000, 0x00000000eca10000, 0x0000000100000000)
  eden space 10048K, 100% used [0x00000000ebc00000,0x00000000ec5d0000,0x00000000ec5d0000)
  from space 1856K, 11% used [0x00000000ec840000,0x00000000ec873890,0x00000000eca10000)
  to   space 2176K, 0% used [0x00000000ec5d0000,0x00000000ec5d0000,0x00000000ec7f0000)
 ParOldGen       total 41472K, used 5112K [0x00000000c3400000, 0x00000000c5c80000, 0x00000000ebc00000)
  object space 41472K, 12% used [0x00000000c3400000,0x00000000c38fe310,0x00000000c5c80000)
 PSPermGen       total 21248K, used 6724K [0x00000000be200000, 0x00000000bf6c0000, 0x00000000c3400000)
  object space 21248K, 31% used [0x00000000be200000,0x00000000be8910e0,0x00000000bf6c0000)
Event: 26.059 GC heap after
Heap after GC invocations=27 (full 0):
 PSYoungGen      total 10112K, used 238K [0x00000000ebc00000, 0x00000000ec9a0000, 0x0000000100000000)
  eden space 9856K, 0% used [0x00000000ebc00000,0x00000000ebc00000,0x00000000ec5a0000)
  from space 256K, 93% used [0x00000000ec5d0000,0x00000000ec60b890,0x00000000ec610000)
  to   space 2048K, 0% used [0x00000000ec7a0000,0x00000000ec7a0000,0x00000000ec9a0000)
 ParOldGen       total 41472K, used 5168K [0x00000000c3400000, 0x00000000c5c80000, 0x00000000ebc00000)
  object space 41472K, 12% used [0x00000000c3400000,0x00000000c390c310,0x00000000c5c80000)
 PSPermGen       total 21248K, used 6724K [0x00000000be200000, 0x00000000bf6c0000, 0x00000000c3400000)
  object space 21248K, 31% used [0x00000000be200000,0x00000000be8910e0,0x00000000bf6c0000)
}

Deoptimization events (1 events):
Event: 17.875 Thread 0x000000000ac36800 Uncommon trap -83 fr.pc 0x00000000030af0c0

Internal exceptions (10 events):
Event: 1.414 Thread 0x000000000ac36800 Threw 0x00000000ec9e2608 at C:\jdk7u1_64p\jdk7u7\hotspot\src\share\vm\prims\jvm.cpp:1166
Event: 1.416 Thread 0x000000000ac36800 Threw 0x00000000ec9e7328 at C:\jdk7u1_64p\jdk7u7\hotspot\src\share\vm\prims\jvm.cpp:1166
Event: 1.416 Thread 0x000000000ac36800 Threw 0x00000000ec9eb748 at C:\jdk7u1_64p\jdk7u7\hotspot\src\share\vm\prims\jvm.cpp:1166
Event: 1.417 Thread 0x000000000ac36800 Threw 0x00000000ec9f0250 at C:\jdk7u1_64p\jdk7u7\hotspot\src\share\vm\prims\jvm.cpp:1166
Event: 1.422 Thread 0x000000000ac36800 Threw 0x00000000ec9f5c98 at C:\jdk7u1_64p\jdk7u7\hotspot\src\share\vm\prims\jvm.cpp:1166
Event: 1.424 Thread 0x000000000ac36800 Threw 0x00000000ec9f9e68 at C:\jdk7u1_64p\jdk7u7\hotspot\src\share\vm\prims\jvm.cpp:1166
Event: 1.425 Thread 0x000000000ac36800 Threw 0x00000000ec9fdd40 at C:\jdk7u1_64p\jdk7u7\hotspot\src\share\vm\prims\jvm.cpp:1166
Event: 2.192 Thread 0x000000000ac36800 Threw 0x00000000eca19670 at C:\jdk7u1_64p\jdk7u7\hotspot\src\share\vm\prims\jvm.cpp:1166
Event: 2.193 Thread 0x000000000ac36800 Threw 0x00000000eca23db8 at C:\jdk7u1_64p\jdk7u7\hotspot\src\share\vm\prims\jvm.cpp:1166
Event: 17.875 Thread 0x000000000ac36800 Implicit null exception at 0x00000000030aea6b to 0x00000000030af0ad

Events (10 events):
Event: 24.992 Executing VM operation: ParallelGCFailedAllocation
Event: 24.992 Executing VM operation: ParallelGCFailedAllocation done
Event: 25.259 Executing VM operation: ParallelGCFailedAllocation
Event: 25.260 Executing VM operation: ParallelGCFailedAllocation done
Event: 25.542 Executing VM operation: ParallelGCFailedAllocation
Event: 25.543 Executing VM operation: ParallelGCFailedAllocation done
Event: 25.808 Executing VM operation: ParallelGCFailedAllocation
Event: 25.809 Executing VM operation: ParallelGCFailedAllocation done
Event: 26.059 Executing VM operation: ParallelGCFailedAllocation
Event: 26.059 Executing VM operation: ParallelGCFailedAllocation done


Dynamic libraries:
0x000007f68eaa0000 - 0x000007f68ead4000 	C:\Program Files\Java\jre7\bin\javaw.exe
0x000007f928100000 - 0x000007f9282be000 	C:\Windows\SYSTEM32\ntdll.dll
0x000007f9275f0000 - 0x000007f927726000 	C:\Windows\system32\KERNEL32.DLL
0x000007f9252e0000 - 0x000007f9253d3000 	C:\Windows\system32\KERNELBASE.dll
0x000007f9271c0000 - 0x000007f92729e000 	C:\Windows\system32\ADVAPI32.dll
0x000007f927440000 - 0x000007f92758c000 	C:\Windows\system32\USER32.dll
0x000007f9226b0000 - 0x000007f922919000 	C:\Windows\WinSxS\amd64_microsoft.windows.common-controls_6595b64144ccf1df_6.0.9200.16384_none_418c2a697189c07f\COMCTL32.dll
0x000007f925570000 - 0x000007f925615000 	C:\Windows\system32\msvcrt.dll
0x000007f9280a0000 - 0x000007f9280e8000 	C:\Windows\SYSTEM32\sechost.dll
0x000007f927db0000 - 0x000007f927ef0000 	C:\Windows\system32\RPCRT4.dll
0x000007f927aa0000 - 0x000007f927be0000 	C:\Windows\system32\GDI32.dll
0x000007f927730000 - 0x000007f927769000 	C:\Windows\system32\IMM32.DLL
0x000007f925d10000 - 0x000007f925e25000 	C:\Windows\system32\MSCTF.dll
0x000007f924fe0000 - 0x000007f925020000 	C:\Windows\system32\nvinitx.dll
0x000000000f000000 - 0x000000000f006000 	C:\Program Files\NVIDIA Corporation\CoProcManager\detoured.dll
0x000007f922b10000 - 0x000007f922b64000 	C:\Program Files\NVIDIA Corporation\CoProcManager\nvd3d9wrapx.dll
0x000007f927be0000 - 0x000007f927db0000 	C:\Windows\system32\SETUPAPI.dll
0x000007f925520000 - 0x000007f92556f000 	C:\Windows\system32\CFGMGR32.dll
0x000007f9253e0000 - 0x000007f925402000 	C:\Windows\system32\DEVOBJ.dll
0x000007f922ac0000 - 0x000007f922b03000 	C:\Program Files\NVIDIA Corporation\CoProcManager\nvdxgiwrapx.dll
0x000000006abc0000 - 0x000000006ac91000 	C:\Program Files\Java\jre7\bin\msvcr100.dll
0x0000000069890000 - 0x0000000069faf000 	C:\Program Files\Java\jre7\bin\server\jvm.dll
0x000007f91e740000 - 0x000007f91e749000 	C:\Windows\SYSTEM32\WSOCK32.dll
0x000007f923090000 - 0x000007f9230b0000 	C:\Windows\SYSTEM32\WINMM.dll
0x000007f925d00000 - 0x000007f925d07000 	C:\Windows\system32\PSAPI.DLL
0x000007f927ef0000 - 0x000007f927f48000 	C:\Windows\system32\WS2_32.dll
0x000007f922c10000 - 0x000007f922c42000 	C:\Windows\SYSTEM32\WINMMBASE.dll
0x000007f9280f0000 - 0x000007f9280f9000 	C:\Windows\system32\NSI.dll
0x000000006aea0000 - 0x000000006aeaf000 	C:\Program Files\Java\jre7\bin\verify.dll
0x000000006ae70000 - 0x000000006ae98000 	C:\Program Files\Java\jre7\bin\java.dll
0x000000006ae50000 - 0x000000006ae65000 	C:\Program Files\Java\jre7\bin\zip.dll
0x0000000065580000 - 0x000000006560d000 	C:\Users\Cody\AppData\Local\Temp\libgdxCody\123946040\gdx64.dll
0x0000000180000000 - 0x0000000180050000 	C:\Users\Cody\AppData\Local\Temp\libgdxCody\27538956\lwjgl64.dll
0x000007f916fd0000 - 0x000007f9170ef000 	C:\Windows\SYSTEM32\OPENGL32.dll
0x000007f9225d0000 - 0x000007f9225d9000 	C:\Windows\SYSTEM32\VERSION.dll
0x000007f9229e0000 - 0x000007f922a0c000 	C:\Windows\SYSTEM32\GLU32.dll
0x000007f91c720000 - 0x000007f91c80a000 	C:\Windows\SYSTEM32\DDRAW.dll
0x000007f922cf0000 - 0x000007f922cf8000 	C:\Windows\SYSTEM32\DCIMAN32.dll
0x0000000002f20000 - 0x0000000002f82000 	C:\Users\Cody\AppData\Local\Temp\libgdxCody\27538956\OpenAL64.dll
0x000007f925ed0000 - 0x000007f9271b8000 	C:\Windows\system32\SHELL32.dll
0x000007f927920000 - 0x000007f927a9e000 	C:\Windows\system32\ole32.dll
0x000007f927770000 - 0x000007f927920000 	C:\Windows\SYSTEM32\combase.dll
0x000007f9275a0000 - 0x000007f9275f0000 	C:\Windows\system32\SHLWAPI.dll
0x000007f9241b0000 - 0x000007f924246000 	C:\Windows\SYSTEM32\SHCORE.dll
0x000007f924e30000 - 0x000007f924e3a000 	C:\Windows\SYSTEM32\CRYPTBASE.dll
0x000007f924dd0000 - 0x000007f924e2c000 	C:\Windows\SYSTEM32\bcryptPrimitives.dll
0x000007f923de0000 - 0x000007f923ec3000 	C:\Windows\system32\uxtheme.dll
0x000007f925e30000 - 0x000007f925ec6000 	C:\Windows\SYSTEM32\clbcatq.dll
0x000007f927f50000 - 0x000007f928013000 	C:\Windows\system32\OLEAUT32.dll
0x000007f916f40000 - 0x000007f916fcb000 	C:\Windows\SYSTEM32\dsound.dll
0x000007f924f90000 - 0x000007f924fd3000 	C:\Windows\SYSTEM32\POWRPROF.dll
0x000007f923380000 - 0x000007f9233e2000 	C:\Windows\System32\MMDevApi.dll
0x000007f921f60000 - 0x000007f921fd2000 	C:\Windows\SYSTEM32\AUDIOSES.DLL
0x000007f923560000 - 0x000007f923581000 	C:\Windows\SYSTEM32\dwmapi.dll
0x000007f9254c0000 - 0x000007f925515000 	C:\Windows\system32\WINTRUST.dll
0x000000000ba70000 - 0x000000000bc47000 	C:\Windows\system32\CRYPT32.dll
0x000007f9250e0000 - 0x000007f9250f6000 	C:\Windows\system32\MSASN1.dll
0x0000000067f30000 - 0x0000000069881000 	C:\Windows\SYSTEM32\nvoglv64.DLL
0x000007f91f5b0000 - 0x000007f91f5de000 	C:\Windows\SYSTEM32\ntmarta.dll
0x000007f922c50000 - 0x000007f922ce1000 	C:\Windows\SYSTEM32\mscms.dll
0x000007f924620000 - 0x000007f92463f000 	C:\Windows\SYSTEM32\USERENV.dll
0x000007f925030000 - 0x000007f925045000 	C:\Windows\SYSTEM32\profapi.dll
0x000007f920810000 - 0x000007f920850000 	C:\Windows\SYSTEM32\icm32.dll
0x000007f91a940000 - 0x000007f91aebb000 	C:\Windows\system32\igd10umd64.dll
0x000007f915130000 - 0x000007f915293000 	C:\Windows\SYSTEM32\dbghelp.dll

VM Arguments:
jvm_args: -Dfile.encoding=Cp1252 
java_command: com.me.ampdom.Main
Launcher Type: SUN_STANDARD

Environment Variables:
PATH=C:\Windows\system32;C:\Windows;C:\Windows\System32\Wbem;C:\Windows\System32\WindowsPowerShell\v1.0\;C:\Program Files\Java\jdk1.7.0_07\bin;C:\Program Files\Java\jdk1.7.0_07\lib;C:\Program Files\Common Files\Autodesk Shared\;C:\Users\Cody\AppData\Local\Smartbar\Application\;C:\Users\Cody\AppData\Local\Smartbar\Application\
USERNAME=Cody
OS=Windows_NT
PROCESSOR_IDENTIFIER=Intel64 Family 6 Model 37 Stepping 5, GenuineIntel



---------------  S Y S T E M  ---------------

OS: Windows 8 , 64 bit Build 9200 

CPU:total 4 (2 cores per cpu, 2 threads per core) family 6 model 37 stepping 5, cmov, cx8, fxsr, mmx, sse, sse2, sse3, ssse3, sse4.1, sse4.2, popcnt, ht, tsc, tscinvbit

Memory: 4k page, physical 3975332k(1981504k free), swap 4696232k(1971612k free)

vm_info: Java HotSpot(TM) 64-Bit Server VM (23.3-b01) for windows-amd64 JRE (1.7.0_07-b11), built on Sep  7 2012 01:19:25 by "java_re" with unknown MS VC++:1600

time: Thu Mar 28 12:31:11 2013
elapsed time: 26 seconds

