#
# A fatal error has been detected by the Java Runtime Environment:
#
#  EXCEPTION_ACCESS_VIOLATION (0xc0000005) at pc=0x000000006559e681, pid=7236, tid=6308
#
# JRE version: 7.0_07-b10
# Java VM: Java HotSpot(TM) 64-Bit Server VM (23.3-b01 mixed mode windows-amd64 compressed oops)
# Problematic frame:
# C  [gdx64.dll+0x1e681]
#
# Failed to write core dump. Minidumps are not enabled by default on client versions of Windows
#
# If you would like to submit a bug report, please visit:
#   http://bugreport.sun.com/bugreport/crash.jsp
# The crash happened outside the Java Virtual Machine in native code.
# See problematic frame for where to report the bug.
#

---------------  T H R E A D  ---------------

Current thread (0x000000000e5cf800):  JavaThread "LWJGL Application" [_thread_in_native, id=6308, stack(0x0000000010680000,0x0000000010780000)]

siginfo: ExceptionCode=0xc0000005, reading address 0xffffffffffffffff

Registers:
RAX=0x00000000006dee00, RBX=0x00000000005f6fe0, RCX=0x00000000006dfea0, RDX=0x0000000014a9aa30
RSP=0x000000001077f1d0, RBP=0x000000001077f290, RSI=0x0000000014a9aa30, RDI=0x000000001077f290
R8 =0x00000000160637e0, R9 =0x000000001077f290, R10=0x0000000002c9237c, R11=0x0000000050452040
R12=0x0000000000000000, R13=0x000000077cc2e980, R14=0x000000001077f408, R15=0x000000000e5cf800
RIP=0x000000006559e681, EFLAGS=0x0000000000010202

Top of Stack: (sp=0x000000001077f1d0)
0x000000001077f1d0:   000000001077f210 000000077cbcd350
0x000000001077f1e0:   000000077cc54df8 000000077cbca8f0
0x000000001077f1f0:   00000000160637e0 00000000160637e0
0x000000001077f200:   0000000014a9aa30 00000000005f6fe0
0x000000001077f210:   000000001077f290 000000006559d719
0x000000001077f220:   00000007d778cef8 000000001077f228
0x000000001077f230:   000000077cbca8d9 000000001077f278
0x000000001077f240:   000000077cbcd350 000000077cc2e980
0x000000001077f250:   00000000ef979a03 000000077cc34e40
0x000000001077f260:   000000001077f390 00000000655a6f91
0x000000001077f270:   0000000002c861f8 00000007d778cef8
0x000000001077f280:   00000007d778cef8 00000007d778ccc8
0x000000001077f290:   00000000006dfea0 0000000000000000
0x000000001077f2a0:   000000003f800000 000100013f800000
0x000000001077f2b0:   fbc4d4e00000ffff 000000077cc2e5d0
0x000000001077f2c0:   fbc4d4e02bcbf098 0000000002c923a8 

Instructions: (pc=0x000000006559e681)
0x000000006559e661:   41 24 41 8b 41 1e 89 41 34 41 0f b7 41 22 66 89
0x000000006559e671:   41 38 41 0f b6 41 1c 88 41 3a 49 8b 09 48 8b 01
0x000000006559e681:   ff 50 10 48 8b 10 48 89 c1 48 89 43 18 ff 52 18
0x000000006559e691:   89 c2 89 c5 48 89 f1 c1 e2 05 e8 c0 c8 fe ff 85 


Register to memory mapping:

RAX=0x00000000006dee00 is an unknown value
RBX=0x00000000005f6fe0 is an unknown value
RCX=0x00000000006dfea0 is an unknown value
RDX=0x0000000014a9aa30 is an unknown value
RSP=0x000000001077f1d0 is pointing into the stack for thread: 0x000000000e5cf800
RBP=0x000000001077f290 is pointing into the stack for thread: 0x000000000e5cf800
RSI=0x0000000014a9aa30 is an unknown value
RDI=0x000000001077f290 is pointing into the stack for thread: 0x000000000e5cf800
R8 =0x00000000160637e0 is an unknown value
R9 =0x000000001077f290 is pointing into the stack for thread: 0x000000000e5cf800
R10=0x0000000002c9237c is an Interpreter codelet
method entry point (kind = native)  [0x0000000002c92100, 0x0000000002c92980]  2176 bytes
R11=0x0000000050452040 is an unknown value
R12=0x0000000000000000 is an unknown value
R13=0x000000077cc2e980 is an oop
{method} 
 - klass: {other class}
R14=0x000000001077f408 is pointing into the stack for thread: 0x000000000e5cf800
R15=0x000000000e5cf800 is a thread


Stack: [0x0000000010680000,0x0000000010780000],  sp=0x000000001077f1d0,  free space=1020k
Native frames: (J=compiled Java code, j=interpreted, Vv=VM code, C=native code)
C  [gdx64.dll+0x1e681]

Java frames: (J=compiled Java code, j=interpreted, Vv=VM code)
j  com.badlogic.gdx.physics.box2d.Body.jniCreateFixture(JJFFFZSSS)J+0
j  com.badlogic.gdx.physics.box2d.Body.createFixture(Lcom/badlogic/gdx/physics/box2d/FixtureDef;)Lcom/badlogic/gdx/physics/box2d/Fixture;+49
j  com.me.ampdom.Alabaster.move(Lcom/me/ampdom/MyInputProcessor;)V+462
J  com.me.ampdom.AmpDom.render()V
j  com.badlogic.gdx.backends.lwjgl.LwjglApplication.mainLoop()V+491
j  com.badlogic.gdx.backends.lwjgl.LwjglApplication$1.run()V+27
v  ~StubRoutines::call_stub

---------------  P R O C E S S  ---------------

Java Threads: ( => current thread )
  0x0000000016f55000 JavaThread "LWJGL Timer" daemon [_thread_blocked, id=7216, stack(0x0000000017d60000,0x0000000017e60000)]
  0x000000000290d800 JavaThread "DestroyJavaVM" [_thread_blocked, id=7692, stack(0x0000000002b80000,0x0000000002c80000)]
=>0x000000000e5cf800 JavaThread "LWJGL Application" [_thread_in_native, id=6308, stack(0x0000000010680000,0x0000000010780000)]
  0x000000000e2f2000 JavaThread "Service Thread" daemon [_thread_blocked, id=6392, stack(0x000000000ef00000,0x000000000f000000)]
  0x000000000e2df800 JavaThread "C2 CompilerThread1" daemon [_thread_blocked, id=3860, stack(0x000000000ea90000,0x000000000eb90000)]
  0x000000000e2cb000 JavaThread "C2 CompilerThread0" daemon [_thread_blocked, id=8160, stack(0x000000000ec30000,0x000000000ed30000)]
  0x000000000e2ca000 JavaThread "Attach Listener" daemon [_thread_blocked, id=8120, stack(0x000000000e960000,0x000000000ea60000)]
  0x000000000e2c9000 JavaThread "Signal Dispatcher" daemon [_thread_blocked, id=6988, stack(0x000000000e790000,0x000000000e890000)]
  0x000000000c39a800 JavaThread "Finalizer" daemon [_thread_blocked, id=6964, stack(0x000000000ded0000,0x000000000dfd0000)]
  0x000000000c392800 JavaThread "Reference Handler" daemon [_thread_blocked, id=5444, stack(0x000000000e180000,0x000000000e280000)]

Other Threads:
  0x000000000c389000 VMThread [stack: 0x000000000e000000,0x000000000e100000] [id=7836]
  0x000000000e2fd000 WatcherThread [stack: 0x000000000f100000,0x000000000f200000] [id=6120]

VM state:not at safepoint (normal execution)

VM Mutex/Monitor currently owned by a thread: None

Heap
 PSYoungGen      total 37760K, used 32251K [0x00000007d5d60000, 0x00000007d8780000, 0x0000000800000000)
  eden space 32384K, 83% used [0x00000007d5d60000,0x00000007d77a3048,0x00000007d7d00000)
  from space 5376K, 99% used [0x00000007d7d00000,0x00000007d823bcc8,0x00000007d8240000)
  to   space 5376K, 0% used [0x00000007d8240000,0x00000007d8240000,0x00000007d8780000)
 ParOldGen       total 86336K, used 1825K [0x0000000781800000, 0x0000000786c50000, 0x00000007d5d60000)
  object space 86336K, 2% used [0x0000000781800000,0x00000007819c8638,0x0000000786c50000)
 PSPermGen       total 21248K, used 6856K [0x000000077c600000, 0x000000077dac0000, 0x0000000781800000)
  object space 21248K, 32% used [0x000000077c600000,0x000000077ccb2020,0x000000077dac0000)

Card table byte_map: [0x0000000005c80000,0x00000000060a0000] byte_map_base: 0x000000000209d000

Polling page: 0x0000000000460000

Code Cache  [0x0000000002c80000, 0x0000000002ef0000, 0x0000000005c80000)
 total_blobs=702 nmethods=308 adapters=346 free_code_cache=47914Kb largest_free_block=48967872

Compilation events (10 events):
Event: 27.438 Thread 0x000000000e2df800  297             java.util.ArrayList$Itr::<init> (6 bytes)
Event: 27.438 Thread 0x000000000e2cb000  298             java.util.ArrayList$Itr::<init> (26 bytes)
Event: 27.439 Thread 0x000000000e2df800 nmethod 297 0x0000000002d818d0 code [0x0000000002d81a00, 0x0000000002d81a98]
Event: 27.439 Thread 0x000000000e2cb000 nmethod 298 0x0000000002d7fe10 code [0x0000000002d7ff40, 0x0000000002d7ffd8]
Event: 29.320 Thread 0x000000000e2df800  299             javazoom.jl.decoder.LayerIIIDecoder::get_side_info (1654 bytes)
Event: 29.730 Thread 0x000000000e2cb000  300             com.badlogic.gdx.graphics.Mesh::getNumIndices (10 bytes)
Event: 29.731 Thread 0x000000000e2cb000 nmethod 300 0x0000000002d804d0 code [0x0000000002d80620, 0x0000000002d806b8]
Event: 30.910 Thread 0x000000000e2df800 nmethod 299 0x0000000002dbb1d0 code [0x0000000002dbb820, 0x0000000002dc5710]
Event: 32.645 Thread 0x000000000e2cb000  301             com.badlogic.gdx.math.Vector3::crs (62 bytes)
Event: 32.646 Thread 0x000000000e2cb000 nmethod 301 0x0000000002d9f190 code [0x0000000002d9f2c0, 0x0000000002d9f378]

GC Heap History (2 events):
Event: 3.567 GC heap before
{Heap before GC invocations=1 (full 0):
 PSYoungGen      total 37760K, used 32384K [0x00000007d5d60000, 0x00000007d8780000, 0x0000000800000000)
  eden space 32384K, 100% used [0x00000007d5d60000,0x00000007d7d00000,0x00000007d7d00000)
  from space 5376K, 0% used [0x00000007d8240000,0x00000007d8240000,0x00000007d8780000)
  to   space 5376K, 0% used [0x00000007d7d00000,0x00000007d7d00000,0x00000007d8240000)
 ParOldGen       total 86336K, used 0K [0x0000000781800000, 0x0000000786c50000, 0x00000007d5d60000)
  object space 86336K, 0% used [0x0000000781800000,0x0000000781800000,0x0000000786c50000)
 PSPermGen       total 21248K, used 6483K [0x000000077c600000, 0x000000077dac0000, 0x0000000781800000)
  object space 21248K, 30% used [0x000000077c600000,0x000000077cc54d60,0x000000077dac0000)
Event: 3.575 GC heap after
Heap after GC invocations=1 (full 0):
 PSYoungGen      total 37760K, used 5359K [0x00000007d5d60000, 0x00000007d8780000, 0x0000000800000000)
  eden space 32384K, 0% used [0x00000007d5d60000,0x00000007d5d60000,0x00000007d7d00000)
  from space 5376K, 99% used [0x00000007d7d00000,0x00000007d823bcc8,0x00000007d8240000)
  to   space 5376K, 0% used [0x00000007d8240000,0x00000007d8240000,0x00000007d8780000)
 ParOldGen       total 86336K, used 1825K [0x0000000781800000, 0x0000000786c50000, 0x00000007d5d60000)
  object space 86336K, 2% used [0x0000000781800000,0x00000007819c8638,0x0000000786c50000)
 PSPermGen       total 21248K, used 6483K [0x000000077c600000, 0x000000077dac0000, 0x0000000781800000)
  object space 21248K, 30% used [0x000000077c600000,0x000000077cc54d60,0x000000077dac0000)
}

Deoptimization events (1 events):
Event: 8.153 Thread 0x000000000e5cf800 Uncommon trap -83 fr.pc 0x0000000002d6f6e4

Internal exceptions (10 events):
Event: 3.812 Thread 0x000000000e5cf800 Threw 0x00000007d66343d0 at C:\jdk7u1_64p\jdk7u7\hotspot\src\share\vm\prims\jvm.cpp:1166
Event: 3.823 Thread 0x000000000e5cf800 Threw 0x00000007d6643dd0 at C:\jdk7u1_64p\jdk7u7\hotspot\src\share\vm\prims\jvm.cpp:1166
Event: 3.825 Thread 0x000000000e5cf800 Threw 0x00000007d6648d30 at C:\jdk7u1_64p\jdk7u7\hotspot\src\share\vm\prims\jvm.cpp:1166
Event: 3.825 Thread 0x000000000e5cf800 Threw 0x00000007d664d3a8 at C:\jdk7u1_64p\jdk7u7\hotspot\src\share\vm\prims\jvm.cpp:1166
Event: 3.826 Thread 0x000000000e5cf800 Threw 0x00000007d6651dd0 at C:\jdk7u1_64p\jdk7u7\hotspot\src\share\vm\prims\jvm.cpp:1166
Event: 3.858 Thread 0x000000000e5cf800 Threw 0x00000007d6659b40 at C:\jdk7u1_64p\jdk7u7\hotspot\src\share\vm\prims\jvm.cpp:1166
Event: 3.859 Thread 0x000000000e5cf800 Threw 0x00000007d665e2b8 at C:\jdk7u1_64p\jdk7u7\hotspot\src\share\vm\prims\jvm.cpp:1166
Event: 3.861 Thread 0x000000000e5cf800 Threw 0x00000007d6662800 at C:\jdk7u1_64p\jdk7u7\hotspot\src\share\vm\prims\jvm.cpp:1166
Event: 32.191 Thread 0x000000000e5cf800 Threw 0x00000007d77208a0 at C:\jdk7u1_64p\jdk7u7\hotspot\src\share\vm\prims\jvm.cpp:1166
Event: 32.194 Thread 0x000000000e5cf800 Threw 0x00000007d772b278 at C:\jdk7u1_64p\jdk7u7\hotspot\src\share\vm\prims\jvm.cpp:1166

Events (10 events):
Event: 8.153 Thread 0x000000000e5cf800 DEOPT PACKING pc=0x0000000002d6f6e4 sp=0x000000001077eba0
Event: 8.153 Thread 0x000000000e5cf800 DEOPT UNPACKING pc=0x0000000002cb9164 sp=0x000000001077eb38 mode 2
Event: 27.438 loading class 0x000000000c38cd80
Event: 27.438 loading class 0x000000000c38cd80 done
Event: 32.191 loading class 0x000000000e591e40
Event: 32.191 loading class 0x000000000e591e40 done
Event: 32.194 loading class 0x000000000e47c700
Event: 32.194 loading class 0x000000000e47c700 done
Event: 32.817 loading class 0x00000000027fe220
Event: 32.817 loading class 0x00000000027fe220 done


Dynamic libraries:
0x000000013fa80000 - 0x000000013fab4000 	C:\Program Files\Java\jre7\bin\javaw.exe
0x0000000076fa0000 - 0x0000000077149000 	C:\Windows\SYSTEM32\ntdll.dll
0x0000000076e80000 - 0x0000000076f9f000 	C:\Windows\system32\kernel32.dll
0x000007fefd660000 - 0x000007fefd6cb000 	C:\Windows\system32\KERNELBASE.dll
0x000000006f510000 - 0x000000006f55a000 	C:\Program Files\AVAST Software\Avast\snxhk64.dll
0x000007fefeb20000 - 0x000007fefebfb000 	C:\Windows\system32\ADVAPI32.dll
0x000007fefee40000 - 0x000007fefeedf000 	C:\Windows\system32\msvcrt.dll
0x000007feff1e0000 - 0x000007feff1ff000 	C:\Windows\SYSTEM32\sechost.dll
0x000007fefec00000 - 0x000007fefed2d000 	C:\Windows\system32\RPCRT4.dll
0x0000000076d80000 - 0x0000000076e7a000 	C:\Windows\system32\USER32.dll
0x000007fefd8b0000 - 0x000007fefd917000 	C:\Windows\system32\GDI32.dll
0x000007fefd7d0000 - 0x000007fefd7de000 	C:\Windows\system32\LPK.dll
0x000007feff060000 - 0x000007feff129000 	C:\Windows\system32\USP10.dll
0x000007fefbce0000 - 0x000007fefbed4000 	C:\Windows\WinSxS\amd64_microsoft.windows.common-controls_6595b64144ccf1df_6.0.7601.17514_none_fa396087175ac9ac\COMCTL32.dll
0x000007fefdb30000 - 0x000007fefdba1000 	C:\Windows\system32\SHLWAPI.dll
0x000007fefd880000 - 0x000007fefd8ae000 	C:\Windows\system32\IMM32.DLL
0x000007fefed30000 - 0x000007fefee39000 	C:\Windows\system32\MSCTF.dll
0x000007fefd3c0000 - 0x000007fefd400000 	C:\Windows\system32\nvinitx.dll
0x000000000f000000 - 0x000000000f006000 	C:\Program Files\NVIDIA Corporation\CoProcManager\_etoured.dll
0x000007fefa270000 - 0x000007fefa2c6000 	C:\Program Files\NVIDIA Corporation\CoProcManager\nvd3d9wrapx.dll
0x000007fefe940000 - 0x000007fefeb17000 	C:\Windows\system32\SETUPAPI.dll
0x000007fefd6f0000 - 0x000007fefd726000 	C:\Windows\system32\CFGMGR32.dll
0x000007fefef00000 - 0x000007fefefd7000 	C:\Windows\system32\OLEAUT32.dll
0x000007fefd920000 - 0x000007fefdb23000 	C:\Windows\system32\ole32.dll
0x000007fefd6d0000 - 0x000007fefd6ea000 	C:\Windows\system32\DEVOBJ.dll
0x000007fefa230000 - 0x000007fefa26d000 	C:\Program Files\NVIDIA Corporation\CoProcManager\nvdxgiwrapx.dll
0x0000000071870000 - 0x0000000071941000 	C:\Program Files\Java\jre7\bin\msvcr100.dll
0x0000000050290000 - 0x00000000509af000 	C:\Program Files\Java\jre7\bin\server\jvm.dll
0x000007fef7490000 - 0x000007fef7499000 	C:\Windows\system32\WSOCK32.dll
0x000007feff130000 - 0x000007feff17d000 	C:\Windows\system32\WS2_32.dll
0x000007feff200000 - 0x000007feff208000 	C:\Windows\system32\NSI.dll
0x000007fefbab0000 - 0x000007fefbaeb000 	C:\Windows\system32\WINMM.dll
0x0000000077160000 - 0x0000000077167000 	C:\Windows\system32\PSAPI.DLL
0x0000000072290000 - 0x000000007229f000 	C:\Program Files\Java\jre7\bin\verify.dll
0x0000000071a00000 - 0x0000000071a28000 	C:\Program Files\Java\jre7\bin\java.dll
0x0000000072270000 - 0x0000000072285000 	C:\Program Files\Java\jre7\bin\zip.dll
0x0000000065580000 - 0x000000006560d000 	C:\Users\Robin\AppData\Local\Temp\libgdxRobin\123946040\gdx64.dll
0x0000000180000000 - 0x0000000180050000 	C:\Users\Robin\AppData\Local\Temp\libgdxRobin\27538956\lwjgl64.dll
0x000007feecf30000 - 0x000007feed04d000 	C:\Windows\system32\OPENGL32.dll
0x000007fefaa10000 - 0x000007fefaa3d000 	C:\Windows\system32\GLU32.dll
0x000007fef2070000 - 0x000007fef2161000 	C:\Windows\system32\DDRAW.dll
0x000007fefafe0000 - 0x000007fefafe8000 	C:\Windows\system32\DCIMAN32.dll
0x000007fefb550000 - 0x000007fefb568000 	C:\Windows\system32\dwmapi.dll
0x000007fefc4b0000 - 0x000007fefc4bc000 	C:\Windows\system32\VERSION.dll
0x0000000000600000 - 0x0000000000662000 	C:\Users\Robin\AppData\Local\Temp\libgdxRobin\27538956\OpenAL64.dll
0x000007fefdbb0000 - 0x000007fefe938000 	C:\Windows\system32\SHELL32.dll
0x000007fefd2f0000 - 0x000007fefd2ff000 	C:\Windows\system32\CRYPTBASE.dll
0x000007fefba50000 - 0x000007fefbaa6000 	C:\Windows\system32\uxtheme.dll
0x000000000e890000 - 0x000000000e958000 	c:\program files (x86)\premieropinion\pmls64.dll
0x000007feface0000 - 0x000007fefad34000 	C:\Windows\system32\OLEACC.dll
0x0000000076c20000 - 0x0000000076d7b000 	C:\Windows\system32\WININET.dll
0x0000000077170000 - 0x0000000077173000 	C:\Windows\system32\Normaliz.dll
0x00000000768c0000 - 0x0000000076ad0000 	C:\Windows\system32\iertutil.dll
0x0000000076ad0000 - 0x0000000076c1d000 	C:\Windows\system32\urlmon.dll
0x000007fefbee0000 - 0x000007fefbf0d000 	C:\Windows\system32\ntmarta.dll
0x000007feff180000 - 0x000007feff1d2000 	C:\Windows\system32\WLDAP32.dll
0x000007fefca20000 - 0x000007fefca78000 	C:\Windows\system32\Schannel.dll
0x000007fefd260000 - 0x000007fefd285000 	C:\Windows\system32\SspiCli.dll
0x000000000fe80000 - 0x000000000ffea000 	C:\Windows\system32\CRYPT32.dll
0x000007fefd4a0000 - 0x000007fefd4af000 	C:\Windows\system32\MSASN1.dll
0x000007feff210000 - 0x000007feff2a9000 	C:\Windows\system32\CLBCatQ.DLL
0x000007fefbb60000 - 0x000007fefbc8c000 	C:\Windows\System32\PROPSYS.dll
0x000007fefd4b0000 - 0x000007fefd4e9000 	C:\Windows\system32\WINTRUST.dll
0x000007fefb980000 - 0x000007fefba08000 	C:\Windows\system32\dsound.dll
0x000007fefc050000 - 0x000007fefc07c000 	C:\Windows\system32\POWRPROF.dll
0x000007fefbc90000 - 0x000007fefbcdb000 	C:\Windows\System32\MMDevApi.dll
0x000007fefb710000 - 0x000007fefb75f000 	C:\Windows\system32\AUDIOSES.DLL
0x0000000068570000 - 0x0000000069f35000 	C:\Windows\system32\nvoglv64.DLL
0x000007fefa5c0000 - 0x000007fefa65c000 	C:\Windows\system32\mscms.dll
0x000007fefc6b0000 - 0x000007fefc6ce000 	C:\Windows\system32\USERENV.dll
0x000007fefd400000 - 0x000007fefd40f000 	C:\Windows\system32\profapi.dll
0x000007feed7e0000 - 0x000007feed822000 	C:\Windows\system32\icm32.dll
0x000007fef5510000 - 0x000007fef5d3a000 	C:\Windows\system32\igd10umd64.dll
0x000007feef460000 - 0x000007feef585000 	C:\Windows\system32\dbghelp.dll

VM Arguments:
jvm_args: -Dfile.encoding=Cp1252 
java_command: com.me.ampdom.Main
Launcher Type: SUN_STANDARD

Environment Variables:
CLASSPATH=.;C:\Program Files (x86)\Java\jre7\lib\ext\QTJava.zip
PATH=C:\Program Files (x86)\NVIDIA Corporation\PhysX\Common;C:\Program Files (x86)\HP SimplePass\x64;C:\Program Files (x86)\HP SimplePass\;C:\Program Files (x86)\Intel\iCLS Client\;C:\Program Files\Intel\iCLS Client\;C:\Program Files (x86)\ActiveState Komodo Edit 7\;C:\Program Files\Common Files\Microsoft Shared\Windows Live;C:\Program Files (x86)\Common Files\Microsoft Shared\Windows Live;C:\Windows\system32;C:\Windows;C:\Windows\System32\Wbem;C:\Windows\System32\WindowsPowerShell\v1.0\;C:\Program Files (x86)\Intel\OpenCL SDK\2.0\bin\x86;C:\Program Files (x86)\Intel\OpenCL SDK\2.0\bin\x64;C:\Program Files (x86)\Common Files\Roxio Shared\DLLShared\;C:\Program Files (x86)\Common Files\Roxio Shared\DLLShared\;C:\Program Files (x86)\Common Files\Roxio Shared\12.0\DLLShared\;C:\Program Files (x86)\Intel\OpenCL SDK\2.0\bin\x86;C:\Program Files (x86)\Intel\OpenCL SDK\2.0\bin\x64;C:\Program Files\Intel\Intel(R) Management Engine Components\DAL;C:\Program Files\Intel\Intel(R) Management Engine Components\IPT;C:\Program Files (x86)\Intel\Intel(R) Management Engine Components\DAL;C:\Program Files (x86)\Intel\Intel(R) Management Engine Components\IPT;C:\Program Files (x86)\QuickTime\QTSystem\;C:\Program Files (x86)\NVIDIA Corporation\Cg\bin;C:\Program Files (x86)\NVIDIA Corporation\Cg\bin.x64;C:\Program Files\TortoiseSVN\bin;C:\Program Files (x86)\Windows Live\Shared;C:\Program Files\Java\jdk1.7.0_07\bin;C:\Program Files (x86)\clisp-2.49;C:\Program Files\Mercurial;C:\Users\Robin\Desktop\apache-ant-1.9.0\bin
USERNAME=Robin
OS=Windows_NT
PROCESSOR_IDENTIFIER=Intel64 Family 6 Model 58 Stepping 9, GenuineIntel



---------------  S Y S T E M  ---------------

OS: Windows 7 , 64 bit Build 7601 Service Pack 1

CPU:total 8 (4 cores per cpu, 2 threads per core) family 6 model 58 stepping 9, cmov, cx8, fxsr, mmx, sse, sse2, sse3, ssse3, sse4.1, sse4.2, popcnt, avx, ht, tsc, tscinvbit, tscinv

Memory: 4k page, physical 8285500k(4362432k free), swap 16569144k(12012868k free)

vm_info: Java HotSpot(TM) 64-Bit Server VM (23.3-b01) for windows-amd64 JRE (1.7.0_07-b10), built on Aug 28 2012 18:28:27 by "java_re" with unknown MS VC++:1600

time: Tue Apr 09 12:03:54 2013
elapsed time: 32 seconds

