#
# A fatal error has been detected by the Java Runtime Environment:
#
#  EXCEPTION_ACCESS_VIOLATION (0xc0000005) at pc=0x000000006559e681, pid=4076, tid=5992
#
# JRE version: 7.0_07-b10
# Java VM: Java HotSpot(TM) 64-Bit Server VM (23.3-b01 mixed mode windows-amd64 compressed oops)
# Problematic frame:
# C  [gdx64.dll+0x1e681]
#
# Failed to write core dump. Minidumps are not enabled by default on client versions of Windows
#
# If you would like to submit a bug report, please visit:
#   http://bugreport.sun.com/bugreport/crash.jsp
# The crash happened outside the Java Virtual Machine in native code.
# See problematic frame for where to report the bug.
#

---------------  T H R E A D  ---------------

Current thread (0x000000000e70e000):  JavaThread "LWJGL Application" [_thread_in_native, id=5992, stack(0x0000000011100000,0x0000000011200000)]

siginfo: ExceptionCode=0xc0000005, reading address 0xffffffffffffffff

Registers:
RAX=0x00000000005cf2e0, RBX=0x00000000006c8fe0, RCX=0x00000000005cefc0, RDX=0x00000000152caa30
RSP=0x00000000111ff120, RBP=0x00000000111ff1e0, RSI=0x00000000152caa30, RDI=0x00000000111ff1e0
R8 =0x00000000190337e0, R9 =0x00000000111ff1e0, R10=0x0000000002b98c35, R11=0x0000000050452040
R12=0x0000000000000000, R13=0x000000077cc3fed0, R14=0x00000000111ff360, R15=0x000000000e70e000
RIP=0x000000006559e681, EFLAGS=0x0000000000010202

Top of Stack: (sp=0x00000000111ff120)
0x00000000111ff120:   000000000e509960 0000000050299a47
0x00000000111ff130:   0000000000000001 000000000c39bb30
0x00000000111ff140:   00000000190337e0 00000000190337e0
0x00000000111ff150:   00000000152caa30 00000000006c8fe0
0x00000000111ff160:   00000000111ff1e0 000000006559d719
0x00000000111ff170:   0000000000000000 0000000000000000
0x00000000111ff180:   0000000020200021 0000000050309c90
0x00000000111ff190:   000000000e70e000 000000077cc3fed0
0x00000000111ff1a0:   00000000ef97bb12 0000000020200021
0x00000000111ff1b0:   00000000111ff2e8 00000000655a6f91
0x00000000111ff1c0:   000000000e70e000 0000000020200021
0x00000000111ff1d0:   00000000ef97bb12 00000000111ff270
0x00000000111ff1e0:   00000000005cefc0 0000000000000000
0x00000000111ff1f0:   000000003f800000 000100013f800000
0x00000000111ff200:   000000070000ffff 00000000111ff360
0x00000000111ff210:   00000000111ff2a8 0000000002b98c61 

Instructions: (pc=0x000000006559e681)
0x000000006559e661:   41 24 41 8b 41 1e 89 41 34 41 0f b7 41 22 66 89
0x000000006559e671:   41 38 41 0f b6 41 1c 88 41 3a 49 8b 09 48 8b 01
0x000000006559e681:   ff 50 10 48 8b 10 48 89 c1 48 89 43 18 ff 52 18
0x000000006559e691:   89 c2 89 c5 48 89 f1 c1 e2 05 e8 c0 c8 fe ff 85 


Register to memory mapping:

RAX=0x00000000005cf2e0 is an unknown value
RBX=0x00000000006c8fe0 is an unknown value
RCX=0x00000000005cefc0 is an unknown value
RDX=0x00000000152caa30 is an unknown value
RSP=0x00000000111ff120 is pointing into the stack for thread: 0x000000000e70e000
RBP=0x00000000111ff1e0 is pointing into the stack for thread: 0x000000000e70e000
RSI=0x00000000152caa30 is an unknown value
RDI=0x00000000111ff1e0 is pointing into the stack for thread: 0x000000000e70e000
R8 =0x00000000190337e0 is an unknown value
R9 =0x00000000111ff1e0 is pointing into the stack for thread: 0x000000000e70e000
R10=0x0000000002b98c35 is an Interpreter codelet
method entry point (kind = native)  [0x0000000002b98740, 0x0000000002b99600]  3776 bytes
R11=0x0000000050452040 is an unknown value
R12=0x0000000000000000 is an unknown value
R13=0x000000077cc3fed0 is an oop
{method} 
 - klass: {other class}
R14=0x00000000111ff360 is pointing into the stack for thread: 0x000000000e70e000
R15=0x000000000e70e000 is a thread


Stack: [0x0000000011100000,0x0000000011200000],  sp=0x00000000111ff120,  free space=1020k
Native frames: (J=compiled Java code, j=interpreted, Vv=VM code, C=native code)
C  [gdx64.dll+0x1e681]

Java frames: (J=compiled Java code, j=interpreted, Vv=VM code)
j  com.badlogic.gdx.physics.box2d.Body.jniCreateFixture(JJFFFZSSS)J+0
j  com.badlogic.gdx.physics.box2d.Body.createFixture(Lcom/badlogic/gdx/physics/box2d/FixtureDef;)Lcom/badlogic/gdx/physics/box2d/Fixture;+49
j  com.me.ampdom.Alabaster.move(Lcom/me/ampdom/MyInputProcessor;)V+462
j  com.me.ampdom.AmpDom.render()V+49
j  com.badlogic.gdx.backends.lwjgl.LwjglApplication.mainLoop()V+491
j  com.badlogic.gdx.backends.lwjgl.LwjglApplication$1.run()V+27
v  ~StubRoutines::call_stub

---------------  P R O C E S S  ---------------

Java Threads: ( => current thread )
  0x000000000e70f800 JavaThread "LWJGL Timer" daemon [_thread_blocked, id=7292, stack(0x0000000015ab0000,0x0000000015bb0000)]
  0x000000000e70e800 JavaThread "DestroyJavaVM" [_thread_blocked, id=3864, stack(0x0000000002a80000,0x0000000002b80000)]
=>0x000000000e70e000 JavaThread "LWJGL Application" [_thread_in_native, id=5992, stack(0x0000000011100000,0x0000000011200000)]
  0x000000000e52f800 JavaThread "Service Thread" daemon [_thread_blocked, id=1424, stack(0x000000000f9d0000,0x000000000fad0000)]
  0x000000000e525800 JavaThread "C2 CompilerThread1" daemon [_thread_blocked, id=1204, stack(0x000000000f890000,0x000000000f990000)]
  0x000000000e522000 JavaThread "C2 CompilerThread0" daemon [_thread_blocked, id=3616, stack(0x000000000f440000,0x000000000f540000)]
  0x000000000e513800 JavaThread "JDWP Command Reader" daemon [_thread_in_native, id=4012, stack(0x000000000f5e0000,0x000000000f6e0000)]
  0x000000000e512800 JavaThread "JDWP Event Helper Thread" daemon [_thread_blocked, id=1348, stack(0x000000000f260000,0x000000000f360000)]
  0x000000000e504800 JavaThread "JDWP Transport Listener: dt_socket" daemon [_thread_blocked, id=7160, stack(0x000000000f030000,0x000000000f130000)]
  0x000000000e4fe000 JavaThread "Attach Listener" daemon [_thread_blocked, id=2632, stack(0x000000000e020000,0x000000000e120000)]
  0x000000000e4fd000 JavaThread "Signal Dispatcher" daemon [_thread_blocked, id=3280, stack(0x000000000e270000,0x000000000e370000)]
  0x000000000c3ac800 JavaThread "Finalizer" daemon [_thread_blocked, id=5588, stack(0x000000000e3b0000,0x000000000e4b0000)]
  0x000000000c3a4800 JavaThread "Reference Handler" daemon [_thread_blocked, id=7852, stack(0x000000000e160000,0x000000000e260000)]

Other Threads:
  0x000000000c399800 VMThread [stack: 0x000000000df10000,0x000000000e010000] [id=7528]
  0x000000000e53a000 WatcherThread [stack: 0x000000000f750000,0x000000000f850000] [id=5256]

VM state:not at safepoint (normal execution)

VM Mutex/Monitor currently owned by a thread: None

Heap
 PSYoungGen      total 37760K, used 16807K [0x00000007d5d60000, 0x00000007d8780000, 0x0000000800000000)
  eden space 32384K, 35% used [0x00000007d5d60000,0x00000007d688aa90,0x00000007d7d00000)
  from space 5376K, 99% used [0x00000007d7d00000,0x00000007d823f390,0x00000007d8240000)
  to   space 5376K, 0% used [0x00000007d8240000,0x00000007d8240000,0x00000007d8780000)
 ParOldGen       total 86336K, used 1377K [0x0000000781800000, 0x0000000786c50000, 0x00000007d5d60000)
  object space 86336K, 1% used [0x0000000781800000,0x00000007819586d8,0x0000000786c50000)
 PSPermGen       total 21248K, used 6871K [0x000000077c600000, 0x000000077dac0000, 0x0000000781800000)
  object space 21248K, 32% used [0x000000077c600000,0x000000077ccb5d10,0x000000077dac0000)

Card table byte_map: [0x0000000005b80000,0x0000000005fa0000] byte_map_base: 0x0000000001f9d000

Polling page: 0x0000000000510000

Code Cache  [0x0000000002b80000, 0x0000000002df0000, 0x0000000005b80000)
 total_blobs=614 nmethods=228 adapters=346 free_code_cache=47993Kb largest_free_block=49118336

Compilation events (10 events):
Event: 5.579 Thread 0x000000000e522000 nmethod 215 0x0000000002c91210 code [0x0000000002c91340, 0x0000000002c913d8]
Event: 5.580 Thread 0x000000000e525800 nmethod 213 0x0000000002c9ce90 code [0x0000000002c9d140, 0x0000000002c9e710]
Event: 5.706 Thread 0x000000000e522000  216             org.lwjgl.opengl.GL11::glVertexPointer (52 bytes)
Event: 5.715 Thread 0x000000000e522000 nmethod 216 0x0000000002c981d0 code [0x0000000002c98340, 0x0000000002c98828]
Event: 5.726 Thread 0x000000000e525800  219             com.badlogic.gdx.math.Matrix4::set (9 bytes)
Event: 5.726 Thread 0x000000000e522000  220             com.badlogic.gdx.math.Matrix4::set (17 bytes)
Event: 5.728 Thread 0x000000000e522000 nmethod 220 0x0000000002c93310 code [0x0000000002c93460, 0x0000000002c93598]
Event: 5.728 Thread 0x000000000e525800 nmethod 219 0x0000000002c92e50 code [0x0000000002c92fa0, 0x0000000002c93138]
Event: 5.795 Thread 0x000000000e522000  221             javazoom.jl.decoder.SynthesisFilter::compute_new_v (2700 bytes)
Event: 5.829 Thread 0x000000000e522000 nmethod 221 0x0000000002ca5c10 code [0x0000000002ca6000, 0x0000000002ca75f8]

GC Heap History (2 events):
Event: 3.200 GC heap before
{Heap before GC invocations=1 (full 0):
 PSYoungGen      total 37760K, used 32384K [0x00000007d5d60000, 0x00000007d8780000, 0x0000000800000000)
  eden space 32384K, 100% used [0x00000007d5d60000,0x00000007d7d00000,0x00000007d7d00000)
  from space 5376K, 0% used [0x00000007d8240000,0x00000007d8240000,0x00000007d8780000)
  to   space 5376K, 0% used [0x00000007d7d00000,0x00000007d7d00000,0x00000007d8240000)
 ParOldGen       total 86336K, used 0K [0x0000000781800000, 0x0000000786c50000, 0x00000007d5d60000)
  object space 86336K, 0% used [0x0000000781800000,0x0000000781800000,0x0000000786c50000)
 PSPermGen       total 21248K, used 6554K [0x000000077c600000, 0x000000077dac0000, 0x0000000781800000)
  object space 21248K, 30% used [0x000000077c600000,0x000000077cc66900,0x000000077dac0000)
Event: 3.207 GC heap after
Heap after GC invocations=1 (full 0):
 PSYoungGen      total 37760K, used 5372K [0x00000007d5d60000, 0x00000007d8780000, 0x0000000800000000)
  eden space 32384K, 0% used [0x00000007d5d60000,0x00000007d5d60000,0x00000007d7d00000)
  from space 5376K, 99% used [0x00000007d7d00000,0x00000007d823f390,0x00000007d8240000)
  to   space 5376K, 0% used [0x00000007d8240000,0x00000007d8240000,0x00000007d8780000)
 ParOldGen       total 86336K, used 1377K [0x0000000781800000, 0x0000000786c50000, 0x00000007d5d60000)
  object space 86336K, 1% used [0x0000000781800000,0x00000007819586d8,0x0000000786c50000)
 PSPermGen       total 21248K, used 6554K [0x000000077c600000, 0x000000077dac0000, 0x0000000781800000)
  object space 21248K, 30% used [0x000000077c600000,0x000000077cc66900,0x000000077dac0000)
}

Deoptimization events (0 events):
No events

Internal exceptions (10 events):
Event: 3.477 Thread 0x000000000e70e000 Threw 0x00000007d66e1758 at C:\jdk7u1_64p\jdk7u7\hotspot\src\share\vm\prims\jvm.cpp:1166
Event: 3.487 Thread 0x000000000e70e000 Threw 0x00000007d66f1158 at C:\jdk7u1_64p\jdk7u7\hotspot\src\share\vm\prims\jvm.cpp:1166
Event: 3.488 Thread 0x000000000e70e000 Threw 0x00000007d66f60b8 at C:\jdk7u1_64p\jdk7u7\hotspot\src\share\vm\prims\jvm.cpp:1166
Event: 3.489 Thread 0x000000000e70e000 Threw 0x00000007d66fa730 at C:\jdk7u1_64p\jdk7u7\hotspot\src\share\vm\prims\jvm.cpp:1166
Event: 3.490 Thread 0x000000000e70e000 Threw 0x00000007d66ff0b0 at C:\jdk7u1_64p\jdk7u7\hotspot\src\share\vm\prims\jvm.cpp:1166
Event: 3.515 Thread 0x000000000e70e000 Threw 0x00000007d6706e20 at C:\jdk7u1_64p\jdk7u7\hotspot\src\share\vm\prims\jvm.cpp:1166
Event: 3.516 Thread 0x000000000e70e000 Threw 0x00000007d670b598 at C:\jdk7u1_64p\jdk7u7\hotspot\src\share\vm\prims\jvm.cpp:1166
Event: 3.517 Thread 0x000000000e70e000 Threw 0x00000007d670fae0 at C:\jdk7u1_64p\jdk7u7\hotspot\src\share\vm\prims\jvm.cpp:1166
Event: 5.262 Thread 0x000000000e70e000 Threw 0x00000007d67cbb90 at C:\jdk7u1_64p\jdk7u7\hotspot\src\share\vm\prims\jvm.cpp:1166
Event: 5.264 Thread 0x000000000e70e000 Threw 0x00000007d67d6568 at C:\jdk7u1_64p\jdk7u7\hotspot\src\share\vm\prims\jvm.cpp:1166

Events (10 events):
Event: 11.329 Executing VM operation: GetOrSetLocal
Event: 11.330 Executing VM operation: GetOrSetLocal done
Event: 13.520 Executing VM operation: EnterInterpOnlyMode
Event: 13.521 Executing VM operation: EnterInterpOnlyMode done
Event: 13.521 Executing VM operation: GetCurrentLocation
Event: 13.521 Executing VM operation: GetCurrentLocation done
Event: 13.521 Executing VM operation: ChangeSingleStep
Event: 13.521 Executing VM operation: ChangeSingleStep done
Event: 13.522 Executing VM operation: ChangeSingleStep
Event: 13.523 Executing VM operation: ChangeSingleStep done


Dynamic libraries:
0x000000013f790000 - 0x000000013f7c4000 	C:\Program Files\Java\jre7\bin\javaw.exe
0x0000000076fa0000 - 0x0000000077149000 	C:\Windows\SYSTEM32\ntdll.dll
0x0000000076e80000 - 0x0000000076f9f000 	C:\Windows\system32\kernel32.dll
0x000007fefd660000 - 0x000007fefd6cb000 	C:\Windows\system32\KERNELBASE.dll
0x000000006f510000 - 0x000000006f55a000 	C:\Program Files\AVAST Software\Avast\snxhk64.dll
0x000007fefeb20000 - 0x000007fefebfb000 	C:\Windows\system32\ADVAPI32.dll
0x000007fefee40000 - 0x000007fefeedf000 	C:\Windows\system32\msvcrt.dll
0x000007feff1e0000 - 0x000007feff1ff000 	C:\Windows\SYSTEM32\sechost.dll
0x000007fefec00000 - 0x000007fefed2d000 	C:\Windows\system32\RPCRT4.dll
0x0000000076d80000 - 0x0000000076e7a000 	C:\Windows\system32\USER32.dll
0x000007fefd8b0000 - 0x000007fefd917000 	C:\Windows\system32\GDI32.dll
0x000007fefd7d0000 - 0x000007fefd7de000 	C:\Windows\system32\LPK.dll
0x000007feff060000 - 0x000007feff129000 	C:\Windows\system32\USP10.dll
0x000007fefbce0000 - 0x000007fefbed4000 	C:\Windows\WinSxS\amd64_microsoft.windows.common-controls_6595b64144ccf1df_6.0.7601.17514_none_fa396087175ac9ac\COMCTL32.dll
0x000007fefdb30000 - 0x000007fefdba1000 	C:\Windows\system32\SHLWAPI.dll
0x000007fefd880000 - 0x000007fefd8ae000 	C:\Windows\system32\IMM32.DLL
0x000007fefed30000 - 0x000007fefee39000 	C:\Windows\system32\MSCTF.dll
0x000007fefd3c0000 - 0x000007fefd400000 	C:\Windows\system32\nvinitx.dll
0x000000000f000000 - 0x000000000f006000 	C:\Program Files\NVIDIA Corporation\CoProcManager\_etoured.dll
0x000007fefa270000 - 0x000007fefa2c6000 	C:\Program Files\NVIDIA Corporation\CoProcManager\nvd3d9wrapx.dll
0x000007fefe940000 - 0x000007fefeb17000 	C:\Windows\system32\SETUPAPI.dll
0x000007fefd6f0000 - 0x000007fefd726000 	C:\Windows\system32\CFGMGR32.dll
0x000007fefef00000 - 0x000007fefefd7000 	C:\Windows\system32\OLEAUT32.dll
0x000007fefd920000 - 0x000007fefdb23000 	C:\Windows\system32\ole32.dll
0x000007fefd6d0000 - 0x000007fefd6ea000 	C:\Windows\system32\DEVOBJ.dll
0x000007fefa230000 - 0x000007fefa26d000 	C:\Program Files\NVIDIA Corporation\CoProcManager\nvdxgiwrapx.dll
0x0000000071870000 - 0x0000000071941000 	C:\Program Files\Java\jre7\bin\msvcr100.dll
0x0000000050290000 - 0x00000000509af000 	C:\Program Files\Java\jre7\bin\server\jvm.dll
0x000007fef7490000 - 0x000007fef7499000 	C:\Windows\system32\WSOCK32.dll
0x000007feff130000 - 0x000007feff17d000 	C:\Windows\system32\WS2_32.dll
0x000007feff200000 - 0x000007feff208000 	C:\Windows\system32\NSI.dll
0x000007fefbab0000 - 0x000007fefbaeb000 	C:\Windows\system32\WINMM.dll
0x0000000077160000 - 0x0000000077167000 	C:\Windows\system32\PSAPI.DLL
0x0000000072290000 - 0x000000007229f000 	C:\Program Files\Java\jre7\bin\verify.dll
0x0000000071a00000 - 0x0000000071a28000 	C:\Program Files\Java\jre7\bin\java.dll
0x000000006dd40000 - 0x000000006dd75000 	C:\Program Files\Java\jre7\bin\jdwp.dll
0x0000000073d80000 - 0x0000000073d88000 	C:\Program Files\Java\jre7\bin\npt.dll
0x0000000072270000 - 0x0000000072285000 	C:\Program Files\Java\jre7\bin\zip.dll
0x00000000722a0000 - 0x00000000722a9000 	C:\Program Files\Java\jre7\bin\dt_socket.dll
0x000007fefb280000 - 0x000007fefb295000 	C:\Windows\system32\NLAapi.dll
0x000007fef63b0000 - 0x000007fef63c5000 	C:\Windows\system32\napinsp.dll
0x000007fef6390000 - 0x000007fef63a9000 	C:\Windows\system32\pnrpnsp.dll
0x000007fefcc30000 - 0x000007fefcc85000 	C:\Windows\System32\mswsock.dll
0x000007fefcab0000 - 0x000007fefcb0b000 	C:\Windows\system32\DNSAPI.dll
0x000007fef6380000 - 0x000007fef638b000 	C:\Windows\System32\winrnr.dll
0x000000006f410000 - 0x000000006f436000 	C:\Program Files\Bonjour\mdnsNSP.dll
0x000007fef9b20000 - 0x000007fef9b47000 	C:\Windows\system32\Iphlpapi.DLL
0x000007fef9b00000 - 0x000007fef9b0b000 	C:\Windows\system32\WINNSI.DLL
0x000007fef73d0000 - 0x000007fef73ff000 	C:\Program Files\Common Files\Microsoft Shared\Windows Live\WLIDNSP.DLL
0x000007fef9880000 - 0x000007fef98d3000 	C:\Windows\System32\fwpuclnt.dll
0x000007fef73c0000 - 0x000007fef73c8000 	C:\Windows\system32\rasadhlp.dll
0x000007fefc580000 - 0x000007fefc587000 	C:\Windows\System32\wshtcpip.dll
0x0000000065580000 - 0x000000006560d000 	C:\Users\Robin\AppData\Local\Temp\libgdxRobin\123946040\gdx64.dll
0x0000000180000000 - 0x0000000180050000 	C:\Users\Robin\AppData\Local\Temp\libgdxRobin\27538956\lwjgl64.dll
0x000007feea750000 - 0x000007feea86d000 	C:\Windows\system32\OPENGL32.dll
0x000007fef6d60000 - 0x000007fef6d8d000 	C:\Windows\system32\GLU32.dll
0x000007fef2070000 - 0x000007fef2161000 	C:\Windows\system32\DDRAW.dll
0x000007fefafe0000 - 0x000007fefafe8000 	C:\Windows\system32\DCIMAN32.dll
0x000007fefb550000 - 0x000007fefb568000 	C:\Windows\system32\dwmapi.dll
0x000007fefc4b0000 - 0x000007fefc4bc000 	C:\Windows\system32\VERSION.dll
0x00000000026b0000 - 0x0000000002712000 	C:\Users\Robin\AppData\Local\Temp\libgdxRobin\27538956\OpenAL64.dll
0x000007fefdbb0000 - 0x000007fefe938000 	C:\Windows\system32\SHELL32.dll
0x000007fefd2f0000 - 0x000007fefd2ff000 	C:\Windows\system32\CRYPTBASE.dll
0x000007fefba50000 - 0x000007fefbaa6000 	C:\Windows\system32\uxtheme.dll
0x0000000006250000 - 0x0000000006318000 	c:\program files (x86)\premieropinion\pmls64.dll
0x000007feface0000 - 0x000007fefad34000 	C:\Windows\system32\OLEACC.dll
0x0000000076c20000 - 0x0000000076d7b000 	C:\Windows\system32\WININET.dll
0x0000000077170000 - 0x0000000077173000 	C:\Windows\system32\Normaliz.dll
0x00000000768c0000 - 0x0000000076ad0000 	C:\Windows\system32\iertutil.dll
0x0000000076ad0000 - 0x0000000076c1d000 	C:\Windows\system32\urlmon.dll
0x000007fefbee0000 - 0x000007fefbf0d000 	C:\Windows\system32\ntmarta.dll
0x000007feff180000 - 0x000007feff1d2000 	C:\Windows\system32\WLDAP32.dll
0x000007fefca20000 - 0x000007fefca78000 	C:\Windows\system32\Schannel.dll
0x000007fefd260000 - 0x000007fefd285000 	C:\Windows\system32\SspiCli.dll
0x0000000010790000 - 0x00000000108fa000 	C:\Windows\system32\CRYPT32.dll
0x000007fefd4a0000 - 0x000007fefd4af000 	C:\Windows\system32\MSASN1.dll
0x000007feff210000 - 0x000007feff2a9000 	C:\Windows\system32\CLBCatQ.DLL
0x000007fefbb60000 - 0x000007fefbc8c000 	C:\Windows\System32\PROPSYS.dll
0x000007fefd4b0000 - 0x000007fefd4e9000 	C:\Windows\system32\WINTRUST.dll
0x000007fefb980000 - 0x000007fefba08000 	C:\Windows\system32\dsound.dll
0x000007fefc050000 - 0x000007fefc07c000 	C:\Windows\system32\POWRPROF.dll
0x000007fefbc90000 - 0x000007fefbcdb000 	C:\Windows\System32\MMDevApi.dll
0x000007fefb710000 - 0x000007fefb75f000 	C:\Windows\system32\AUDIOSES.DLL
0x0000000068f50000 - 0x000000006a915000 	C:\Windows\system32\nvoglv64.DLL
0x000007fefa5c0000 - 0x000007fefa65c000 	C:\Windows\system32\mscms.dll
0x000007fefc6b0000 - 0x000007fefc6ce000 	C:\Windows\system32\USERENV.dll
0x000007fefd400000 - 0x000007fefd40f000 	C:\Windows\system32\profapi.dll
0x000007feed7e0000 - 0x000007feed822000 	C:\Windows\system32\icm32.dll
0x000007fef5510000 - 0x000007fef5d3a000 	C:\Windows\system32\igd10umd64.dll
0x000007feef460000 - 0x000007feef585000 	C:\Windows\system32\dbghelp.dll

VM Arguments:
jvm_args: -agentlib:jdwp=transport=dt_socket,suspend=y,address=localhost:53858 -Dfile.encoding=Cp1252 
java_command: com.me.ampdom.Main
Launcher Type: SUN_STANDARD

Environment Variables:
CLASSPATH=.;C:\Program Files (x86)\Java\jre7\lib\ext\QTJava.zip
PATH=C:\Program Files (x86)\NVIDIA Corporation\PhysX\Common;C:\Program Files (x86)\HP SimplePass\x64;C:\Program Files (x86)\HP SimplePass\;C:\Program Files (x86)\Intel\iCLS Client\;C:\Program Files\Intel\iCLS Client\;C:\Program Files (x86)\ActiveState Komodo Edit 7\;C:\Program Files\Common Files\Microsoft Shared\Windows Live;C:\Program Files (x86)\Common Files\Microsoft Shared\Windows Live;C:\Windows\system32;C:\Windows;C:\Windows\System32\Wbem;C:\Windows\System32\WindowsPowerShell\v1.0\;C:\Program Files (x86)\Intel\OpenCL SDK\2.0\bin\x86;C:\Program Files (x86)\Intel\OpenCL SDK\2.0\bin\x64;C:\Program Files (x86)\Common Files\Roxio Shared\DLLShared\;C:\Program Files (x86)\Common Files\Roxio Shared\DLLShared\;C:\Program Files (x86)\Common Files\Roxio Shared\12.0\DLLShared\;C:\Program Files (x86)\Intel\OpenCL SDK\2.0\bin\x86;C:\Program Files (x86)\Intel\OpenCL SDK\2.0\bin\x64;C:\Program Files\Intel\Intel(R) Management Engine Components\DAL;C:\Program Files\Intel\Intel(R) Management Engine Components\IPT;C:\Program Files (x86)\Intel\Intel(R) Management Engine Components\DAL;C:\Program Files (x86)\Intel\Intel(R) Management Engine Components\IPT;C:\Program Files (x86)\QuickTime\QTSystem\;C:\Program Files (x86)\NVIDIA Corporation\Cg\bin;C:\Program Files (x86)\NVIDIA Corporation\Cg\bin.x64;C:\Program Files\TortoiseSVN\bin;C:\Program Files (x86)\Windows Live\Shared;C:\Program Files\Java\jdk1.7.0_07\bin;C:\Program Files (x86)\clisp-2.49;C:\Program Files\Mercurial;C:\Users\Robin\Desktop\apache-ant-1.9.0\bin
USERNAME=Robin
OS=Windows_NT
PROCESSOR_IDENTIFIER=Intel64 Family 6 Model 58 Stepping 9, GenuineIntel



---------------  S Y S T E M  ---------------

OS: Windows 7 , 64 bit Build 7601 Service Pack 1

CPU:total 8 (4 cores per cpu, 2 threads per core) family 6 model 58 stepping 9, cmov, cx8, fxsr, mmx, sse, sse2, sse3, ssse3, sse4.1, sse4.2, popcnt, avx, ht, tsc, tscinvbit, tscinv

Memory: 4k page, physical 8285500k(4391788k free), swap 16569144k(12025960k free)

vm_info: Java HotSpot(TM) 64-Bit Server VM (23.3-b01) for windows-amd64 JRE (1.7.0_07-b10), built on Aug 28 2012 18:28:27 by "java_re" with unknown MS VC++:1600

time: Tue Apr 09 12:05:37 2013
elapsed time: 13 seconds

